This is pdfTeX, Version 3.1415926-2.5-1.40.14 (TeX Live 2013/Debian) (format=pdflatex 2015.6.22)  6 SEP 2015 13:41
entering extended mode
 restricted \write18 enabled.
 %&-line parsing enabled.
**thesis.tex thesis_compiled.pdf
(./thesis.tex
LaTeX2e <2011/06/27>
Babel <3.9h> and hyphenation patterns for 78 languages loaded.
(/usr/share/texlive/texmf-dist/tex/latex/extsizes/extbook.cls
Document Class: extbook 1999/01/07 v1.4a NON-Standard LaTeX document class
(/usr/share/texlive/texmf-dist/tex/latex/base/bk12.clo
File: bk12.clo 2007/10/19 v1.4h Standard LaTeX file (size option)
)
(/usr/share/texlive/texmf-dist/tex/latex/base/exscale.sty
Package: exscale 2007/10/29 v2.1h Standard LaTeX package exscale
LaTeX Font Info:    Redeclaring symbol font `largesymbols' on input line 52.
LaTeX Font Info:    Overwriting symbol font `largesymbols' in version `normal'
(Font)                  OMX/cmex/m/n --> OMX/cmex/m/n on input line 52.
LaTeX Font Info:    Overwriting symbol font `largesymbols' in version `bold'
(Font)                  OMX/cmex/m/n --> OMX/cmex/m/n on input line 52.
\big@size=\dimen102
)
\c@part=\count79
\c@chapter=\count80
\c@section=\count81
\c@subsection=\count82
\c@subsubsection=\count83
\c@paragraph=\count84
\c@subparagraph=\count85
\c@figure=\count86
\c@table=\count87
\abovecaptionskip=\skip41
\belowcaptionskip=\skip42
\bibindent=\dimen103
)
(/usr/share/texlive/texmf-dist/tex/latex/base/fontenc.sty
Package: fontenc 2005/09/27 v1.99g Standard LaTeX package

(/usr/share/texlive/texmf-dist/tex/latex/base/t1enc.def
File: t1enc.def 2005/09/27 v1.99g Standard LaTeX file
LaTeX Font Info:    Redeclaring font encoding T1 on input line 43.
))
(/usr/share/texlive/texmf-dist/tex/latex/base/inputenc.sty
Package: inputenc 2008/03/30 v1.1d Input encoding file
\inpenc@prehook=\toks14
\inpenc@posthook=\toks15

(/usr/share/texlive/texmf-dist/tex/latex/base/latin9.def
File: latin9.def 2008/03/30 v1.1d Input encoding file
))
(/usr/share/texlive/texmf-dist/tex/latex/geometry/geometry.sty
Package: geometry 2010/09/12 v5.6 Page Geometry

(/usr/share/texlive/texmf-dist/tex/latex/graphics/keyval.sty
Package: keyval 1999/03/16 v1.13 key=value parser (DPC)
\KV@toks@=\toks16
)
(/usr/share/texlive/texmf-dist/tex/generic/oberdiek/ifpdf.sty
Package: ifpdf 2011/01/30 v2.3 Provides the ifpdf switch (HO)
Package ifpdf Info: pdfTeX in PDF mode is detected.
)
(/usr/share/texlive/texmf-dist/tex/generic/oberdiek/ifvtex.sty
Package: ifvtex 2010/03/01 v1.5 Detect VTeX and its facilities (HO)
Package ifvtex Info: VTeX not detected.
)
(/usr/share/texlive/texmf-dist/tex/generic/ifxetex/ifxetex.sty
Package: ifxetex 2010/09/12 v0.6 Provides ifxetex conditional
)
\Gm@cnth=\count88
\Gm@cntv=\count89
\c@Gm@tempcnt=\count90
\Gm@bindingoffset=\dimen104
\Gm@wd@mp=\dimen105
\Gm@odd@mp=\dimen106
\Gm@even@mp=\dimen107
\Gm@layoutwidth=\dimen108
\Gm@layoutheight=\dimen109
\Gm@layouthoffset=\dimen110
\Gm@layoutvoffset=\dimen111
\Gm@dimlist=\toks17
)
(/usr/share/texlive/texmf-dist/tex/latex/fancyhdr/fancyhdr.sty
\fancy@headwidth=\skip43
\f@ncyO@elh=\skip44
\f@ncyO@erh=\skip45
\f@ncyO@olh=\skip46
\f@ncyO@orh=\skip47
\f@ncyO@elf=\skip48
\f@ncyO@erf=\skip49
\f@ncyO@olf=\skip50
\f@ncyO@orf=\skip51
)
(/usr/share/texlive/texmf-dist/tex/generic/babel/babel.sty
Package: babel 2013/12/03 3.9h The Babel package

(/usr/share/texlive/texmf-dist/tex/generic/babel-english/english.ldf
Language: english 2012/08/20 v3.3p English support from the babel system

(/usr/share/texlive/texmf-dist/tex/generic/babel/babel.def
File: babel.def 2013/12/03 3.9h Babel common definitions
\babel@savecnt=\count91
\U@D=\dimen112
)
\l@canadian = a dialect from \language\l@american 
\l@australian = a dialect from \language\l@british 
\l@newzealand = a dialect from \language\l@british 
))
(/usr/share/texlive/texmf-dist/tex/latex/tools/array.sty
Package: array 2008/09/09 v2.4c Tabular extension package (FMi)
\col@sep=\dimen113
\extrarowheight=\dimen114
\NC@list=\toks18
\extratabsurround=\skip52
\backup@length=\skip53
)
(/usr/share/texlive/texmf-dist/tex/latex/tools/varioref.sty
Package: varioref 2011/10/02 v1.4z package for extended references (FMi)
\c@vrcnt=\count92
)
(/usr/share/texlive/texmf-dist/tex/latex/rotfloat/rotfloat.sty
Package: rotfloat 2004/01/04 v1.2 Combining float+rotating package (AS)

(/usr/share/texlive/texmf-dist/tex/latex/float/float.sty
Package: float 2001/11/08 v1.3d Float enhancements (AL)
\c@float@type=\count93
\float@exts=\toks19
\float@box=\box26
\@float@everytoks=\toks20
\@floatcapt=\box27
)
(/usr/share/texlive/texmf-dist/tex/latex/rotating/rotating.sty
Package: rotating 2009/03/28 v2.16a rotated objects in LaTeX

(/usr/share/texlive/texmf-dist/tex/latex/graphics/graphicx.sty
Package: graphicx 1999/02/16 v1.0f Enhanced LaTeX Graphics (DPC,SPQR)

(/usr/share/texlive/texmf-dist/tex/latex/graphics/graphics.sty
Package: graphics 2009/02/05 v1.0o Standard LaTeX Graphics (DPC,SPQR)

(/usr/share/texlive/texmf-dist/tex/latex/graphics/trig.sty
Package: trig 1999/03/16 v1.09 sin cos tan (DPC)
)
(/usr/share/texlive/texmf-dist/tex/latex/latexconfig/graphics.cfg
File: graphics.cfg 2010/04/23 v1.9 graphics configuration of TeX Live
)
Package graphics Info: Driver file: pdftex.def on input line 91.

(/usr/share/texlive/texmf-dist/tex/latex/pdftex-def/pdftex.def
File: pdftex.def 2011/05/27 v0.06d Graphics/color for pdfTeX

(/usr/share/texlive/texmf-dist/tex/generic/oberdiek/infwarerr.sty
Package: infwarerr 2010/04/08 v1.3 Providing info/warning/error messages (HO)
)
(/usr/share/texlive/texmf-dist/tex/generic/oberdiek/ltxcmds.sty
Package: ltxcmds 2011/11/09 v1.22 LaTeX kernel commands for general use (HO)
)
\Gread@gobject=\count94
))
\Gin@req@height=\dimen115
\Gin@req@width=\dimen116
)
(/usr/share/texlive/texmf-dist/tex/latex/base/ifthen.sty
Package: ifthen 2001/05/26 v1.1c Standard LaTeX ifthen package (DPC)
)
\c@r@tfl@t=\count95
\rotFPtop=\skip54
\rotFPbot=\skip55
\rot@float@box=\box28
\rot@mess@toks=\toks21
)
Package rotfloat Info: float package v1.3 detected on input line 74.
)
(/usr/share/texlive/texmf-dist/tex/latex/units/units.sty
Package: units 1998/08/04 v0.9b Typesetting units

(/usr/share/texlive/texmf-dist/tex/latex/units/nicefrac.sty
Package: nicefrac 1998/08/04 v0.9b Nice fractions
\L@UnitsRaiseDisplaystyle=\skip56
\L@UnitsRaiseTextstyle=\skip57
\L@UnitsRaiseScriptstyle=\skip58
))
(/usr/share/texlive/texmf-dist/tex/latex/base/textcomp.sty
Package: textcomp 2005/09/27 v1.99g Standard LaTeX package
Package textcomp Info: Sub-encoding information:
(textcomp)               5 = only ISO-Adobe without \textcurrency
(textcomp)               4 = 5 + \texteuro
(textcomp)               3 = 4 + \textohm
(textcomp)               2 = 3 + \textestimated + \textcurrency
(textcomp)               1 = TS1 - \textcircled - \t
(textcomp)               0 = TS1 (full)
(textcomp)             Font families with sub-encoding setting implement
(textcomp)             only a restricted character set as indicated.
(textcomp)             Family '?' is the default used for unknown fonts.
(textcomp)             See the documentation for details.
Package textcomp Info: Setting ? sub-encoding to TS1/1 on input line 71.

(/usr/share/texlive/texmf-dist/tex/latex/base/ts1enc.def
File: ts1enc.def 2001/06/05 v3.0e (jk/car/fm) Standard LaTeX file
)
LaTeX Info: Redefining \oldstylenums on input line 266.
Package textcomp Info: Setting cmr sub-encoding to TS1/0 on input line 281.
Package textcomp Info: Setting cmss sub-encoding to TS1/0 on input line 282.
Package textcomp Info: Setting cmtt sub-encoding to TS1/0 on input line 283.
Package textcomp Info: Setting cmvtt sub-encoding to TS1/0 on input line 284.
Package textcomp Info: Setting cmbr sub-encoding to TS1/0 on input line 285.
Package textcomp Info: Setting cmtl sub-encoding to TS1/0 on input line 286.
Package textcomp Info: Setting ccr sub-encoding to TS1/0 on input line 287.
Package textcomp Info: Setting ptm sub-encoding to TS1/4 on input line 288.
Package textcomp Info: Setting pcr sub-encoding to TS1/4 on input line 289.
Package textcomp Info: Setting phv sub-encoding to TS1/4 on input line 290.
Package textcomp Info: Setting ppl sub-encoding to TS1/3 on input line 291.
Package textcomp Info: Setting pag sub-encoding to TS1/4 on input line 292.
Package textcomp Info: Setting pbk sub-encoding to TS1/4 on input line 293.
Package textcomp Info: Setting pnc sub-encoding to TS1/4 on input line 294.
Package textcomp Info: Setting pzc sub-encoding to TS1/4 on input line 295.
Package textcomp Info: Setting bch sub-encoding to TS1/4 on input line 296.
Package textcomp Info: Setting put sub-encoding to TS1/5 on input line 297.
Package textcomp Info: Setting uag sub-encoding to TS1/5 on input line 298.
Package textcomp Info: Setting ugq sub-encoding to TS1/5 on input line 299.
Package textcomp Info: Setting ul8 sub-encoding to TS1/4 on input line 300.
Package textcomp Info: Setting ul9 sub-encoding to TS1/4 on input line 301.
Package textcomp Info: Setting augie sub-encoding to TS1/5 on input line 302.
Package textcomp Info: Setting dayrom sub-encoding to TS1/3 on input line 303.
Package textcomp Info: Setting dayroms sub-encoding to TS1/3 on input line 304.

Package textcomp Info: Setting pxr sub-encoding to TS1/0 on input line 305.
Package textcomp Info: Setting pxss sub-encoding to TS1/0 on input line 306.
Package textcomp Info: Setting pxtt sub-encoding to TS1/0 on input line 307.
Package textcomp Info: Setting txr sub-encoding to TS1/0 on input line 308.
Package textcomp Info: Setting txss sub-encoding to TS1/0 on input line 309.
Package textcomp Info: Setting txtt sub-encoding to TS1/0 on input line 310.
Package textcomp Info: Setting lmr sub-encoding to TS1/0 on input line 311.
Package textcomp Info: Setting lmdh sub-encoding to TS1/0 on input line 312.
Package textcomp Info: Setting lmss sub-encoding to TS1/0 on input line 313.
Package textcomp Info: Setting lmssq sub-encoding to TS1/0 on input line 314.
Package textcomp Info: Setting lmvtt sub-encoding to TS1/0 on input line 315.
Package textcomp Info: Setting qhv sub-encoding to TS1/0 on input line 316.
Package textcomp Info: Setting qag sub-encoding to TS1/0 on input line 317.
Package textcomp Info: Setting qbk sub-encoding to TS1/0 on input line 318.
Package textcomp Info: Setting qcr sub-encoding to TS1/0 on input line 319.
Package textcomp Info: Setting qcs sub-encoding to TS1/0 on input line 320.
Package textcomp Info: Setting qpl sub-encoding to TS1/0 on input line 321.
Package textcomp Info: Setting qtm sub-encoding to TS1/0 on input line 322.
Package textcomp Info: Setting qzc sub-encoding to TS1/0 on input line 323.
Package textcomp Info: Setting qhvc sub-encoding to TS1/0 on input line 324.
Package textcomp Info: Setting futs sub-encoding to TS1/4 on input line 325.
Package textcomp Info: Setting futx sub-encoding to TS1/4 on input line 326.
Package textcomp Info: Setting futj sub-encoding to TS1/4 on input line 327.
Package textcomp Info: Setting hlh sub-encoding to TS1/3 on input line 328.
Package textcomp Info: Setting hls sub-encoding to TS1/3 on input line 329.
Package textcomp Info: Setting hlst sub-encoding to TS1/3 on input line 330.
Package textcomp Info: Setting hlct sub-encoding to TS1/5 on input line 331.
Package textcomp Info: Setting hlx sub-encoding to TS1/5 on input line 332.
Package textcomp Info: Setting hlce sub-encoding to TS1/5 on input line 333.
Package textcomp Info: Setting hlcn sub-encoding to TS1/5 on input line 334.
Package textcomp Info: Setting hlcw sub-encoding to TS1/5 on input line 335.
Package textcomp Info: Setting hlcf sub-encoding to TS1/5 on input line 336.
Package textcomp Info: Setting pplx sub-encoding to TS1/3 on input line 337.
Package textcomp Info: Setting pplj sub-encoding to TS1/3 on input line 338.
Package textcomp Info: Setting ptmx sub-encoding to TS1/4 on input line 339.
Package textcomp Info: Setting ptmj sub-encoding to TS1/4 on input line 340.
)
(/usr/share/texlive/texmf-dist/tex/latex/multirow/multirow.sty
\bigstrutjot=\dimen117
)
(/usr/share/texlive/texmf-dist/tex/latex/amsmath/amsmath.sty
Package: amsmath 2013/01/14 v2.14 AMS math features
\@mathmargin=\skip59

For additional information on amsmath, use the `?' option.
(/usr/share/texlive/texmf-dist/tex/latex/amsmath/amstext.sty
Package: amstext 2000/06/29 v2.01

(/usr/share/texlive/texmf-dist/tex/latex/amsmath/amsgen.sty
File: amsgen.sty 1999/11/30 v2.0
\@emptytoks=\toks22
\ex@=\dimen118
))
(/usr/share/texlive/texmf-dist/tex/latex/amsmath/amsbsy.sty
Package: amsbsy 1999/11/29 v1.2d
\pmbraise@=\dimen119
)
(/usr/share/texlive/texmf-dist/tex/latex/amsmath/amsopn.sty
Package: amsopn 1999/12/14 v2.01 operator names
)
\inf@bad=\count96
LaTeX Info: Redefining \frac on input line 210.
\uproot@=\count97
\leftroot@=\count98
LaTeX Info: Redefining \overline on input line 306.
\classnum@=\count99
\DOTSCASE@=\count100
LaTeX Info: Redefining \ldots on input line 378.
LaTeX Info: Redefining \dots on input line 381.
LaTeX Info: Redefining \cdots on input line 466.
\Mathstrutbox@=\box29
\strutbox@=\box30
\big@size=\dimen120
LaTeX Font Info:    Redeclaring font encoding OML on input line 566.
LaTeX Font Info:    Redeclaring font encoding OMS on input line 567.
\macc@depth=\count101
\c@MaxMatrixCols=\count102
\dotsspace@=\muskip10
\c@parentequation=\count103
\dspbrk@lvl=\count104
\tag@help=\toks23
\row@=\count105
\column@=\count106
\maxfields@=\count107
\andhelp@=\toks24
\eqnshift@=\dimen121
\alignsep@=\dimen122
\tagshift@=\dimen123
\tagwidth@=\dimen124
\totwidth@=\dimen125
\lineht@=\dimen126
\@envbody=\toks25
\multlinegap=\skip60
\multlinetaggap=\skip61
\mathdisplay@stack=\toks26
LaTeX Info: Redefining \[ on input line 2665.
LaTeX Info: Redefining \] on input line 2666.
)
(/usr/share/texlive/texmf-dist/tex/latex/stmaryrd/stmaryrd.sty
Package: stmaryrd 1994/03/03 St Mary's Road symbol package
\symstmry=\mathgroup4
LaTeX Font Info:    Overwriting symbol font `stmry' in version `bold'
(Font)                  U/stmry/m/n --> U/stmry/b/n on input line 89.
)
(/usr/share/texlive/texmf-dist/tex/latex/oberdiek/stackrel.sty
Package: stackrel 2007/11/11 v1.2 Adding subscript option to stackrel (HO)

(/usr/share/texlive/texmf-dist/tex/generic/oberdiek/etexcmds.sty
Package: etexcmds 2011/02/16 v1.5 Avoid name clashes with e-TeX commands (HO)

(/usr/share/texlive/texmf-dist/tex/generic/oberdiek/ifluatex.sty
Package: ifluatex 2010/03/01 v1.3 Provides the ifluatex switch (HO)
Package ifluatex Info: LuaTeX not detected.
)
Package etexcmds Info: Could not find \expanded.
(etexcmds)             That can mean that you are not using pdfTeX 1.50 or
(etexcmds)             that some package has redefined \expanded.
(etexcmds)             In the latter case, load this package earlier.
)
(/usr/share/texlive/texmf-dist/tex/generic/oberdiek/pdftexcmds.sty
Package: pdftexcmds 2011/11/29 v0.20 Utility functions of pdfTeX for LuaTeX (HO
)
Package pdftexcmds Info: LuaTeX not detected.
Package pdftexcmds Info: \pdf@primitive is available.
Package pdftexcmds Info: \pdf@ifprimitive is available.
Package pdftexcmds Info: \pdfdraftmode found.
))
(/usr/share/texlive/texmf-dist/tex/latex/esint/esint.sty
Package: esint 
\symlargesymbolsA=\mathgroup5
)
(/usr/share/texlive/texmf-dist/tex/latex/nomencl/nomencl.sty
Package: nomencl 2005/09/22 v4.2 Nomenclature package (LN)
\nomlabelwidth=\dimen127
\nom@tempdim=\dimen128
\nomitemsep=\skip62
)
\@nomenclaturefile=\write3
\openout3 = `thesis.nlo'.


Writing nomenclature file thesis.nlo
(/usr/share/texmf/tex/latex/pgf/frontendlayer/tikz.sty
(/usr/share/texmf/tex/latex/pgf/basiclayer/pgf.sty
(/usr/share/texmf/tex/latex/pgf/utilities/pgfrcs.sty
(/usr/share/texmf/tex/generic/pgf/utilities/pgfutil-common.tex
\pgfutil@everybye=\toks27
)
(/usr/share/texmf/tex/generic/pgf/utilities/pgfutil-latex.def
\pgfutil@abb=\box31

(/usr/share/texlive/texmf-dist/tex/latex/ms/everyshi.sty
Package: everyshi 2001/05/15 v3.00 EveryShipout Package (MS)
))
(/usr/share/texmf/tex/generic/pgf/utilities/pgfrcs.code.tex
Package: pgfrcs 2010/10/25 v2.10 (rcs-revision 1.24)
))
Package: pgf 2008/01/15 v2.10 (rcs-revision 1.12)

(/usr/share/texmf/tex/latex/pgf/basiclayer/pgfcore.sty
(/usr/share/texmf/tex/latex/pgf/systemlayer/pgfsys.sty
(/usr/share/texmf/tex/generic/pgf/systemlayer/pgfsys.code.tex
Package: pgfsys 2010/06/30 v2.10 (rcs-revision 1.37)

(/usr/share/texmf/tex/generic/pgf/utilities/pgfkeys.code.tex
\pgfkeys@pathtoks=\toks28
\pgfkeys@temptoks=\toks29

(/usr/share/texmf/tex/generic/pgf/utilities/pgfkeysfiltered.code.tex
\pgfkeys@tmptoks=\toks30
))
\pgf@x=\dimen129
\pgf@y=\dimen130
\pgf@xa=\dimen131
\pgf@ya=\dimen132
\pgf@xb=\dimen133
\pgf@yb=\dimen134
\pgf@xc=\dimen135
\pgf@yc=\dimen136
\w@pgf@writea=\write4
\r@pgf@reada=\read1
\c@pgf@counta=\count108
\c@pgf@countb=\count109
\c@pgf@countc=\count110
\c@pgf@countd=\count111

(/usr/share/texmf/tex/generic/pgf/systemlayer/pgf.cfg
File: pgf.cfg 2008/05/14  (rcs-revision 1.7)
)
Package pgfsys Info: Driver file for pgf: pgfsys-pdftex.def on input line 900.

(/usr/share/texmf/tex/generic/pgf/systemlayer/pgfsys-pdftex.def
File: pgfsys-pdftex.def 2009/05/22  (rcs-revision 1.26)

(/usr/share/texmf/tex/generic/pgf/systemlayer/pgfsys-common-pdf.def
File: pgfsys-common-pdf.def 2008/05/19  (rcs-revision 1.10)
)))
(/usr/share/texmf/tex/generic/pgf/systemlayer/pgfsyssoftpath.code.tex
File: pgfsyssoftpath.code.tex 2008/07/18  (rcs-revision 1.7)
\pgfsyssoftpath@smallbuffer@items=\count112
\pgfsyssoftpath@bigbuffer@items=\count113
)
(/usr/share/texmf/tex/generic/pgf/systemlayer/pgfsysprotocol.code.tex
File: pgfsysprotocol.code.tex 2006/10/16  (rcs-revision 1.4)
))
(/usr/share/texmf/tex/latex/xcolor/xcolor.sty
Package: xcolor 2007/01/21 v2.11 LaTeX color extensions (UK)

(/usr/share/texlive/texmf-dist/tex/latex/latexconfig/color.cfg
File: color.cfg 2007/01/18 v1.5 color configuration of teTeX/TeXLive
)
Package xcolor Info: Driver file: pdftex.def on input line 225.
Package xcolor Info: Model `cmy' substituted by `cmy0' on input line 1337.
Package xcolor Info: Model `hsb' substituted by `rgb' on input line 1341.
Package xcolor Info: Model `RGB' extended on input line 1353.
Package xcolor Info: Model `HTML' substituted by `rgb' on input line 1355.
Package xcolor Info: Model `Hsb' substituted by `hsb' on input line 1356.
Package xcolor Info: Model `tHsb' substituted by `hsb' on input line 1357.
Package xcolor Info: Model `HSB' substituted by `hsb' on input line 1358.
Package xcolor Info: Model `Gray' substituted by `gray' on input line 1359.
Package xcolor Info: Model `wave' substituted by `hsb' on input line 1360.
)
(/usr/share/texmf/tex/generic/pgf/basiclayer/pgfcore.code.tex
Package: pgfcore 2010/04/11 v2.10 (rcs-revision 1.7)

(/usr/share/texmf/tex/generic/pgf/math/pgfmath.code.tex
(/usr/share/texmf/tex/generic/pgf/math/pgfmathcalc.code.tex
(/usr/share/texmf/tex/generic/pgf/math/pgfmathutil.code.tex)
(/usr/share/texmf/tex/generic/pgf/math/pgfmathparser.code.tex
\pgfmath@dimen=\dimen137
\pgfmath@count=\count114
\pgfmath@box=\box32
\pgfmath@toks=\toks31
\pgfmath@stack@operand=\toks32
\pgfmath@stack@operation=\toks33
)
(/usr/share/texmf/tex/generic/pgf/math/pgfmathfunctions.code.tex
(/usr/share/texmf/tex/generic/pgf/math/pgfmathfunctions.basic.code.tex)
(/usr/share/texmf/tex/generic/pgf/math/pgfmathfunctions.trigonometric.code.tex)
(/usr/share/texmf/tex/generic/pgf/math/pgfmathfunctions.random.code.tex)
(/usr/share/texmf/tex/generic/pgf/math/pgfmathfunctions.comparison.code.tex)
(/usr/share/texmf/tex/generic/pgf/math/pgfmathfunctions.base.code.tex)
(/usr/share/texmf/tex/generic/pgf/math/pgfmathfunctions.round.code.tex)
(/usr/share/texmf/tex/generic/pgf/math/pgfmathfunctions.misc.code.tex)))
(/usr/share/texmf/tex/generic/pgf/math/pgfmathfloat.code.tex
\c@pgfmathroundto@lastzeros=\count115
))
(/usr/share/texmf/tex/generic/pgf/basiclayer/pgfcorepoints.code.tex
File: pgfcorepoints.code.tex 2010/04/09  (rcs-revision 1.20)
\pgf@picminx=\dimen138
\pgf@picmaxx=\dimen139
\pgf@picminy=\dimen140
\pgf@picmaxy=\dimen141
\pgf@pathminx=\dimen142
\pgf@pathmaxx=\dimen143
\pgf@pathminy=\dimen144
\pgf@pathmaxy=\dimen145
\pgf@xx=\dimen146
\pgf@xy=\dimen147
\pgf@yx=\dimen148
\pgf@yy=\dimen149
\pgf@zx=\dimen150
\pgf@zy=\dimen151
)
(/usr/share/texmf/tex/generic/pgf/basiclayer/pgfcorepathconstruct.code.tex
File: pgfcorepathconstruct.code.tex 2010/08/03  (rcs-revision 1.24)
\pgf@path@lastx=\dimen152
\pgf@path@lasty=\dimen153
)
(/usr/share/texmf/tex/generic/pgf/basiclayer/pgfcorepathusage.code.tex
File: pgfcorepathusage.code.tex 2008/04/22  (rcs-revision 1.12)
\pgf@shorten@end@additional=\dimen154
\pgf@shorten@start@additional=\dimen155
)
(/usr/share/texmf/tex/generic/pgf/basiclayer/pgfcorescopes.code.tex
File: pgfcorescopes.code.tex 2010/09/08  (rcs-revision 1.34)
\pgfpic=\box33
\pgf@hbox=\box34
\pgf@layerbox@main=\box35
\pgf@picture@serial@count=\count116
)
(/usr/share/texmf/tex/generic/pgf/basiclayer/pgfcoregraphicstate.code.tex
File: pgfcoregraphicstate.code.tex 2008/04/22  (rcs-revision 1.9)
\pgflinewidth=\dimen156
)
(/usr/share/texmf/tex/generic/pgf/basiclayer/pgfcoretransformations.code.tex
File: pgfcoretransformations.code.tex 2009/06/10  (rcs-revision 1.11)
\pgf@pt@x=\dimen157
\pgf@pt@y=\dimen158
\pgf@pt@temp=\dimen159
)
(/usr/share/texmf/tex/generic/pgf/basiclayer/pgfcorequick.code.tex
File: pgfcorequick.code.tex 2008/10/09  (rcs-revision 1.3)
)
(/usr/share/texmf/tex/generic/pgf/basiclayer/pgfcoreobjects.code.tex
File: pgfcoreobjects.code.tex 2006/10/11  (rcs-revision 1.2)
)
(/usr/share/texmf/tex/generic/pgf/basiclayer/pgfcorepathprocessing.code.tex
File: pgfcorepathprocessing.code.tex 2008/10/09  (rcs-revision 1.8)
)
(/usr/share/texmf/tex/generic/pgf/basiclayer/pgfcorearrows.code.tex
File: pgfcorearrows.code.tex 2008/04/23  (rcs-revision 1.11)
)
(/usr/share/texmf/tex/generic/pgf/basiclayer/pgfcoreshade.code.tex
File: pgfcoreshade.code.tex 2008/11/23  (rcs-revision 1.13)
\pgf@max=\dimen160
\pgf@sys@shading@range@num=\count117
)
(/usr/share/texmf/tex/generic/pgf/basiclayer/pgfcoreimage.code.tex
File: pgfcoreimage.code.tex 2010/03/25  (rcs-revision 1.16)

(/usr/share/texmf/tex/generic/pgf/basiclayer/pgfcoreexternal.code.tex
File: pgfcoreexternal.code.tex 2010/09/01  (rcs-revision 1.17)
\pgfexternal@startupbox=\box36
))
(/usr/share/texmf/tex/generic/pgf/basiclayer/pgfcorelayers.code.tex
File: pgfcorelayers.code.tex 2010/08/27  (rcs-revision 1.2)
)
(/usr/share/texmf/tex/generic/pgf/basiclayer/pgfcoretransparency.code.tex
File: pgfcoretransparency.code.tex 2008/01/17  (rcs-revision 1.2)
)
(/usr/share/texmf/tex/generic/pgf/basiclayer/pgfcorepatterns.code.tex
File: pgfcorepatterns.code.tex 2009/07/02  (rcs-revision 1.3)
)))
(/usr/share/texmf/tex/generic/pgf/modules/pgfmoduleshapes.code.tex
File: pgfmoduleshapes.code.tex 2010/09/09  (rcs-revision 1.13)
\pgfnodeparttextbox=\box37
)
(/usr/share/texmf/tex/generic/pgf/modules/pgfmoduleplot.code.tex
File: pgfmoduleplot.code.tex 2010/10/22  (rcs-revision 1.8)
)
(/usr/share/texmf/tex/latex/pgf/compatibility/pgfcomp-version-0-65.sty
Package: pgfcomp-version-0-65 2007/07/03 v2.10 (rcs-revision 1.7)
\pgf@nodesepstart=\dimen161
\pgf@nodesepend=\dimen162
)
(/usr/share/texmf/tex/latex/pgf/compatibility/pgfcomp-version-1-18.sty
Package: pgfcomp-version-1-18 2007/07/23 v2.10 (rcs-revision 1.1)
))
(/usr/share/texmf/tex/latex/pgf/utilities/pgffor.sty
(/usr/share/texmf/tex/latex/pgf/utilities/pgfkeys.sty
(/usr/share/texmf/tex/generic/pgf/utilities/pgfkeys.code.tex))
(/usr/share/texmf/tex/generic/pgf/utilities/pgffor.code.tex
Package: pgffor 2010/03/23 v2.10 (rcs-revision 1.18)
\pgffor@iter=\dimen163
\pgffor@skip=\dimen164
\pgffor@stack=\toks34
\pgffor@toks=\toks35
))
(/usr/share/texmf/tex/generic/pgf/frontendlayer/tikz/tikz.code.tex
Package: tikz 2010/10/13 v2.10 (rcs-revision 1.76)

(/usr/share/texmf/tex/generic/pgf/libraries/pgflibraryplothandlers.code.tex
File: pgflibraryplothandlers.code.tex 2010/05/31 v2.10 (rcs-revision 1.15)
\pgf@plot@mark@count=\count118
\pgfplotmarksize=\dimen165
)
\tikz@lastx=\dimen166
\tikz@lasty=\dimen167
\tikz@lastxsaved=\dimen168
\tikz@lastysaved=\dimen169
\tikzleveldistance=\dimen170
\tikzsiblingdistance=\dimen171
\tikz@figbox=\box38
\tikz@tempbox=\box39
\tikztreelevel=\count119
\tikznumberofchildren=\count120
\tikznumberofcurrentchild=\count121
\tikz@fig@count=\count122

(/usr/share/texmf/tex/generic/pgf/modules/pgfmodulematrix.code.tex
File: pgfmodulematrix.code.tex 2010/08/24  (rcs-revision 1.4)
\pgfmatrixcurrentrow=\count123
\pgfmatrixcurrentcolumn=\count124
\pgf@matrix@numberofcolumns=\count125
)
\tikz@expandcount=\count126

(/usr/share/texmf/tex/generic/pgf/frontendlayer/tikz/libraries/tikzlibrarytopat
hs.code.tex
File: tikzlibrarytopaths.code.tex 2008/06/17 v2.10 (rcs-revision 1.2)
)))
(/usr/share/texmf/tex/generic/pgf/frontendlayer/tikz/libraries/tikzlibraryshape
s.code.tex
File: tikzlibraryshapes.code.tex 2008/01/09 v2.10 (rcs-revision 1.1)

(/usr/share/texmf/tex/generic/pgf/frontendlayer/tikz/libraries/tikzlibraryshape
s.geometric.code.tex
File: tikzlibraryshapes.geometric.code.tex 2008/01/09 v2.10 (rcs-revision 1.1)

(/usr/share/texmf/tex/generic/pgf/libraries/shapes/pgflibraryshapes.geometric.c
ode.tex
File: pgflibraryshapes.geometric.code.tex 2008/06/26 v2.10 (rcs-revision 1.1)
))
(/usr/share/texmf/tex/generic/pgf/frontendlayer/tikz/libraries/tikzlibraryshape
s.misc.code.tex
File: tikzlibraryshapes.misc.code.tex 2008/01/09 v2.10 (rcs-revision 1.1)

(/usr/share/texmf/tex/generic/pgf/libraries/shapes/pgflibraryshapes.misc.code.t
ex
File: pgflibraryshapes.misc.code.tex 2008/10/07 v2.10 (rcs-revision 1.3)
))
(/usr/share/texmf/tex/generic/pgf/frontendlayer/tikz/libraries/tikzlibraryshape
s.symbols.code.tex
File: tikzlibraryshapes.symbols.code.tex 2008/01/09 v2.10 (rcs-revision 1.1)

(/usr/share/texmf/tex/generic/pgf/libraries/shapes/pgflibraryshapes.symbols.cod
e.tex
File: pgflibraryshapes.symbols.code.tex 2009/10/27 v2.10 (rcs-revision 1.3)
))
(/usr/share/texmf/tex/generic/pgf/frontendlayer/tikz/libraries/tikzlibraryshape
s.arrows.code.tex
File: tikzlibraryshapes.arrows.code.tex 2008/01/09 v2.10 (rcs-revision 1.1)

(/usr/share/texmf/tex/generic/pgf/libraries/shapes/pgflibraryshapes.arrows.code
.tex
File: pgflibraryshapes.arrows.code.tex 2008/06/26 v2.10 (rcs-revision 1.1)
))
(/usr/share/texmf/tex/generic/pgf/frontendlayer/tikz/libraries/tikzlibraryshape
s.callouts.code.tex
(/usr/share/texmf/tex/generic/pgf/libraries/shapes/pgflibraryshapes.callouts.co
de.tex))
(/usr/share/texmf/tex/generic/pgf/frontendlayer/tikz/libraries/tikzlibraryshape
s.multipart.code.tex
File: tikzlibraryshapes.multipart.code.tex 2008/01/09 v2.10 (rcs-revision 1.1)

(/usr/share/texmf/tex/generic/pgf/libraries/shapes/pgflibraryshapes.multipart.c
ode.tex
File: pgflibraryshapes.multipart.code.tex 2010/01/07 v2.10 (rcs-revision 1.2)
\pgfnodepartlowerbox=\box40
\pgfnodeparttwobox=\box41
\pgfnodepartthreebox=\box42
\pgfnodepartfourbox=\box43
\pgfnodeparttwentybox=\box44
\pgfnodepartnineteenbox=\box45
\pgfnodeparteighteenbox=\box46
\pgfnodepartseventeenbox=\box47
\pgfnodepartsixteenbox=\box48
\pgfnodepartfifteenbox=\box49
\pgfnodepartfourteenbox=\box50
\pgfnodepartthirteenbox=\box51
\pgfnodeparttwelvebox=\box52
\pgfnodepartelevenbox=\box53
\pgfnodeparttenbox=\box54
\pgfnodepartninebox=\box55
\pgfnodeparteightbox=\box56
\pgfnodepartsevenbox=\box57
\pgfnodepartsixbox=\box58
\pgfnodepartfivebox=\box59
)))
(/usr/share/texmf/tex/generic/pgf/frontendlayer/tikz/libraries/tikzlibraryarrow
s.code.tex
File: tikzlibraryarrows.code.tex 2008/01/09 v2.10 (rcs-revision 1.1)

(/usr/share/texmf/tex/generic/pgf/libraries/pgflibraryarrows.code.tex
File: pgflibraryarrows.code.tex 2008/10/27 v2.10 (rcs-revision 1.9)
\arrowsize=\dimen172
))
(/usr/share/texmf/tex/generic/pgf/frontendlayer/tikz/libraries/tikzlibraryposit
ioning.code.tex
File: tikzlibrarypositioning.code.tex 2008/10/06 v2.10 (rcs-revision 1.7)
)
(/usr/share/texmf/tex/generic/pgf/frontendlayer/tikz/libraries/tikzlibrarycalc.
code.tex
File: tikzlibrarycalc.code.tex 2009/09/04 v2.10 (rcs-revision 1.6)
)
(/usr/share/texmf/tex/generic/pgf/frontendlayer/tikz/libraries/tikzlibrarytrees
.code.tex
File: tikzlibrarytrees.code.tex 2008/02/24 v2.10 (rcs-revision 1.2)
) (/home/anatole/texmf/tex/latex/commonstuff/schemabloc.sty
Package: schemabloc 2006/12/29
)
(/usr/share/texlive/texmf-dist/tex/latex/emptypage/emptypage.sty
Package: emptypage 2010/05/30 v1.2 Suppress page numbers and headings on empty 
pages
)
(/usr/share/texlive/texmf-dist/tex/latex/tools/layout.sty
Package: layout 2000/09/25 v1.2c Show layout parameters
\oneinch=\count127
\cnt@paperwidth=\count128
\cnt@paperheight=\count129
\cnt@hoffset=\count130
\cnt@voffset=\count131
\cnt@textheight=\count132
\cnt@textwidth=\count133
\cnt@topmargin=\count134
\cnt@oddsidemargin=\count135
\cnt@evensidemargin=\count136
\cnt@headheight=\count137
\cnt@headsep=\count138
\cnt@marginparsep=\count139
\cnt@marginparwidth=\count140
\cnt@marginparpush=\count141
\cnt@footskip=\count142
\fheight=\count143
\ref@top=\count144
\ref@hoffset=\count145
\ref@voffset=\count146
\ref@head=\count147
\ref@body=\count148
\ref@foot=\count149
\ref@margin=\count150
\ref@marginwidth=\count151
\ref@marginpar=\count152
\Interval=\count153
\ExtraYPos=\count154
\PositionX=\count155
\PositionY=\count156
\ArrowLength=\count157
)
(/usr/share/texlive/texmf-dist/tex/latex/tocbibind/tocbibind.sty
Package: tocbibind 2010/10/13 v1.5k extra ToC listings
Package tocbibind Info: The document has chapter divisions on input line 50.


Package tocbibind Note: Using chapter style headings, unless overridden.

) (/usr/share/texlive/texmf-dist/tex/latex/listings/listings.sty
\lst@mode=\count158
\lst@gtempboxa=\box60
\lst@token=\toks36
\lst@length=\count159
\lst@currlwidth=\dimen173
\lst@column=\count160
\lst@pos=\count161
\lst@lostspace=\dimen174
\lst@width=\dimen175
\lst@newlines=\count162
\lst@lineno=\count163
\lst@maxwidth=\dimen176

(/usr/share/texlive/texmf-dist/tex/latex/listings/lstmisc.sty
File: lstmisc.sty 2013/08/26 1.5b (Carsten Heinz)
\c@lstnumber=\count164
\lst@skipnumbers=\count165
\lst@framebox=\box61
)
(/usr/share/texlive/texmf-dist/tex/latex/listings/listings.cfg
File: listings.cfg 2013/08/26 1.5b listings configuration
))
Package: listings 2013/08/26 1.5b (Carsten Heinz)
 (./thesis.aux)
\openout1 = `thesis.aux'.

LaTeX Font Info:    Checking defaults for OML/cmm/m/it on input line 67.
LaTeX Font Info:    ... okay on input line 67.
LaTeX Font Info:    Checking defaults for T1/cmr/m/n on input line 67.
LaTeX Font Info:    ... okay on input line 67.
LaTeX Font Info:    Checking defaults for OT1/cmr/m/n on input line 67.
LaTeX Font Info:    ... okay on input line 67.
LaTeX Font Info:    Checking defaults for OMS/cmsy/m/n on input line 67.
LaTeX Font Info:    ... okay on input line 67.
LaTeX Font Info:    Checking defaults for OMX/cmex/m/n on input line 67.
LaTeX Font Info:    ... okay on input line 67.
LaTeX Font Info:    Checking defaults for U/cmr/m/n on input line 67.
LaTeX Font Info:    ... okay on input line 67.
LaTeX Font Info:    Checking defaults for TS1/cmr/m/n on input line 67.
LaTeX Font Info:    Try loading font information for TS1+cmr on input line 67.
(/usr/share/texlive/texmf-dist/tex/latex/base/ts1cmr.fd
File: ts1cmr.fd 1999/05/25 v2.5h Standard LaTeX font definitions
)
LaTeX Font Info:    ... okay on input line 67.

*geometry* driver: auto-detecting
*geometry* detected driver: pdftex

Package geometry Warning: The marginal notes overrun the paper.
     Add 19.64174pt and more to the right margin.

*geometry* verbose mode - [ preamble ] result:
* driver: pdftex
* paper: <default>
* layout: <same size as paper>
* layoutoffset:(h,v)=(0.0pt,0.0pt)
* modes: twoside 
* h-part:(L,W,R)=(113.81102pt, 415.12572pt, 85.35826pt)
* v-part:(T,H,B)=(85.35826pt, 624.25346pt, 85.35826pt)
* \paperwidth=614.295pt
* \paperheight=794.96999pt
* \textwidth=415.12572pt
* \textheight=624.25346pt
* \oddsidemargin=41.54103pt
* \evensidemargin=13.08827pt
* \topmargin=-18.78552pt
* \headheight=12.0pt
* \headsep=19.8738pt
* \topskip=12.0pt
* \footskip=30.0pt
* \marginparwidth=98.0pt
* \marginparsep=7.0pt
* \columnsep=10.0pt
* \skip\footins=10.8pt plus 4.0pt minus 2.0pt
* \hoffset=0.0pt
* \voffset=0.0pt
* \mag=1000
* \@twocolumnfalse
* \@twosidetrue
* \@mparswitchtrue
* \@reversemarginfalse
* (1in=72.27pt=25.4mm, 1cm=28.453pt)

(/usr/share/texlive/texmf-dist/tex/context/base/supp-pdf.mkii
[Loading MPS to PDF converter (version 2006.09.02).]
\scratchcounter=\count166
\scratchdimen=\dimen177
\scratchbox=\box62
\nofMPsegments=\count167
\nofMParguments=\count168
\everyMPshowfont=\toks37
\MPscratchCnt=\count169
\MPscratchDim=\dimen178
\MPnumerator=\count170
\makeMPintoPDFobject=\count171
\everyMPtoPDFconversion=\toks38
) (/usr/share/texlive/texmf-dist/tex/latex/oberdiek/epstopdf-base.sty
Package: epstopdf-base 2010/02/09 v2.5 Base part for package epstopdf

(/usr/share/texlive/texmf-dist/tex/latex/oberdiek/grfext.sty
Package: grfext 2010/08/19 v1.1 Manage graphics extensions (HO)

(/usr/share/texlive/texmf-dist/tex/generic/oberdiek/kvdefinekeys.sty
Package: kvdefinekeys 2011/04/07 v1.3 Define keys (HO)
))
(/usr/share/texlive/texmf-dist/tex/latex/oberdiek/kvoptions.sty
Package: kvoptions 2011/06/30 v3.11 Key value format for package options (HO)

(/usr/share/texlive/texmf-dist/tex/generic/oberdiek/kvsetkeys.sty
Package: kvsetkeys 2012/04/25 v1.16 Key value parser (HO)
))
Package grfext Info: Graphics extension search list:
(grfext)             [.png,.pdf,.jpg,.mps,.jpeg,.jbig2,.jb2,.PNG,.PDF,.JPG,.JPE
G,.JBIG2,.JB2,.eps]
(grfext)             \AppendGraphicsExtensions on input line 452.

(/usr/share/texlive/texmf-dist/tex/latex/latexconfig/epstopdf-sys.cfg
File: epstopdf-sys.cfg 2010/07/13 v1.3 Configuration of (r)epstopdf for TeX Liv
e
))
ABD: EveryShipout initializing macros
\c@lstlisting=\count172
 [1

{/var/lib/texmf/fonts/map/pdftex/updmap/pdftex.map}] [2]
Underfull \vbox (badness 2781) has occurred while \output is active []

 [3]
Underfull \vbox (badness 10000) has occurred while \output is active []

 [4]
LaTeX Font Info:    Try loading font information for U+stmry on input line 189.


(/usr/share/texlive/texmf-dist/tex/latex/stmaryrd/Ustmry.fd)
LaTeX Font Info:    Try loading font information for U+esint on input line 189.


(/usr/share/texlive/texmf-dist/tex/latex/esint/uesint.fd
File: uesint.fd 
) [1


] [2

] [3] [4

]
(./thesis.toc [5]

Package Fancyhdr Warning: \headheight is too small (12.0pt): 
 Make it at least 14.49998pt.
 We now make it that large for the rest of the document.
 This may cause the page layout to be inconsistent, however.

[6])
\tf@toc=\write5
\openout5 = `thesis.toc'.

 [7] [8

]
No file thesis.nls.
[9] [10

] (./thesis.lof

LaTeX Warning: Citation `waszak1992flutterSuppression' on page xi undefined on 
input line 6.


LaTeX Warning: Citation `lesieutre2002MISL3' on page xi undefined on input line
 17.

[11])
\tf@lof=\write6
\openout6 = `thesis.lof'.

 [12] (./thesis.lot)
\tf@lot=\write7
\openout7 = `thesis.lot'.

 [13

] [14

]
Chapter 1.
<figures/ASTER30.png, id=83, 236.38312pt x 563.10374pt>
File: figures/ASTER30.png Graphic file (type png)

<use figures/ASTER30.png>
Package pdftex.def Info: figures/ASTER30.png used on input line 315.
(pdftex.def)             Requested size: 236.38254pt x 563.10237pt.
Package epstopdf Info: Source file: <figures/sketchExplain.eps>
(epstopdf)                    date: 2015-07-28 12:42:07
(epstopdf)                    size: 191097 bytes
(epstopdf)             Output file: <figures/sketchExplain-eps-converted-to.pdf
>
(epstopdf)                    date: 2015-09-06 13:40:33
(epstopdf)                    size: 23197 bytes
(epstopdf)             Command: <repstopdf --outfile=figures/sketchExplain-eps-
converted-to.pdf figures/sketchExplain.eps>
(epstopdf)             \includegraphics on input line 337.
Package epstopdf Info: Output file is already uptodate.

<figures/sketchExplain-eps-converted-to.pdf, id=84, 309.155pt x 463.7325pt>
File: figures/sketchExplain-eps-converted-to.pdf Graphic file (type pdf)

<use figures/sketchExplain-eps-converted-to.pdf>
Package pdftex.def Info: figures/sketchExplain-eps-converted-to.pdf used on inp
ut line 337.
(pdftex.def)             Requested size: 309.15424pt x 463.73135pt.
 [1

 <./figures/ASTER30.png (PNG copy)>] [2 <./figures/sketchExplain-eps-converted-
to.pdf>]

LaTeX Warning: Citation `prentis1963leckie' on page 3 undefined on input line 3
92.


LaTeX Warning: Citation `gawronski2004modal' on page 3 undefined on input line 
397.

[3] [4

]
Chapter 2.

LaTeX Warning: Citation `joshi1991spaceStructures' on page 5 undefined on input
 line 466.


LaTeX Warning: Citation `waszak1992flutterSuppression' on page 5 undefined on i
nput line 481.

[5] <figures/AFWnasa.png, id=106, 421.575pt x 285.065pt>
File: figures/AFWnasa.png Graphic file (type png)

<use figures/AFWnasa.png>
Package pdftex.def Info: figures/AFWnasa.png used on input line 492.
(pdftex.def)             Requested size: 245.71425pt x 166.15121pt.


LaTeX Warning: Citation `waszak1992flutterSuppression' on page 6 undefined on i
nput line 495.


LaTeX Warning: Citation `meirovitch2005timeDependantManeuvers' on page 6 undefi
ned on input line 505.


LaTeX Warning: Citation `alazard2000commandeActive' on page 6 undefined on inpu
t line 512.


LaTeX Warning: Citation `juang1994systemIdentification' on page 6 undefined on 
input line 515.


LaTeX Warning: Citation `alazard2000commandeActive' on page 6 undefined on inpu
t line 515.


LaTeX Warning: Citation `nesline1985structuralStabilization' on page 6 undefine
d on input line 519.

[6 <./figures/AFWnasa.png (PNG copy)>]

LaTeX Warning: Citation `murphy2001flight' on page 7 undefined on input line 53
9.


LaTeX Warning: Citation `haddadpour2006aeroservoelastic' on page 7 undefined on
 input line 545.


LaTeX Warning: Citation `platus1992aeroelastic' on page 7 undefined on input li
ne 546.


LaTeX Warning: Citation `ehramianpour2010aeroelastic' on page 7 undefined on in
put line 550.

<figures/hinge.png, id=110, 920.43875pt x 566.115pt>
File: figures/hinge.png Graphic file (type png)
 <use figures/hinge.png>
Package pdftex.def Info: figures/hinge.png used on input line 560.
(pdftex.def)             Requested size: 245.71425pt x 151.12544pt.

Underfull \vbox (badness 10000) has occurred while \output is active []

 [7 <./figures/hinge.png (PNG copy)>]

LaTeX Warning: Citation `laflamme2013elastomericCapacitor' on page 8 undefined 
on input line 588.

Package epstopdf Info: Source file: <figures/nanoStrainGauge.eps>
(epstopdf)                    date: 2015-09-06 13:34:58
(epstopdf)                    size: 381160 bytes
(epstopdf)             Output file: <figures/nanoStrainGauge-eps-converted-to.p
df>
(epstopdf)                    date: 2015-09-06 13:40:33
(epstopdf)                    size: 16943 bytes
(epstopdf)             Command: <repstopdf --outfile=figures/nanoStrainGauge-ep
s-converted-to.pdf figures/nanoStrainGauge.eps>
(epstopdf)             \includegraphics on input line 592.
Package epstopdf Info: Output file is already uptodate.
<figures/nanoStrainGauge-eps-converted-to.pdf, id=115, 481.8pt x 385.44pt>
File: figures/nanoStrainGauge-eps-converted-to.pdf Graphic file (type pdf)

<use figures/nanoStrainGauge-eps-converted-to.pdf>
Package pdftex.def Info: figures/nanoStrainGauge-eps-converted-to.pdf used on i
nput line 592.
(pdftex.def)             Requested size: 245.71425pt x 196.5718pt.

<figures/invensensememsgyromotion6-axis.jpg, id=116, 602.25pt x 441.65pt>
File: figures/invensensememsgyromotion6-axis.jpg Graphic file (type jpg)

<use figures/invensensememsgyromotion6-axis.jpg>
Package pdftex.def Info: figures/invensensememsgyromotion6-axis.jpg used on inp
ut line 615.
(pdftex.def)             Requested size: 245.71425pt x 180.18811pt.


LaTeX Warning: Citation `gawronski2004modal' on page 8 undefined on input line 
626.

[8 <./figures/nanoStrainGauge-eps-converted-to.pdf>]

LaTeX Warning: Citation `lugo2010thrustVectoring' on page 9 undefined on input 
line 647.


LaTeX Warning: Citation `knauber1996thrustMisalignments' on page 9 undefined on
 input line 654.


LaTeX Warning: Citation `selince1984PIFPAF' on page 9 undefined on input line 6
58.


LaTeX Warning: Citation `viti2009detailed' on page 9 undefined on input line 66
4.


LaTeX Warning: Citation `harcaut1998aerodynamiqueMissile' on page 9 undefined o
n input line 666.

[9 <./figures/invensensememsgyromotion6-axis.jpg>]
<figures/PIF.png, id=126, 565.11125pt x 240.9pt>
File: figures/PIF.png Graphic file (type png)
 <use figures/PIF.png>
Package pdftex.def Info: figures/PIF.png used on input line 671.
(pdftex.def)             Requested size: 249.07796pt x 106.17644pt.
Package epstopdf Info: Source file: <figures/2partRocket.eps>
(epstopdf)                    date: 2015-07-29 17:46:32
(epstopdf)                    size: 13813 bytes
(epstopdf)             Output file: <figures/2partRocket-eps-converted-to.pdf>
(epstopdf)                    date: 2015-09-06 13:40:34
(epstopdf)                    size: 9243 bytes
(epstopdf)             Command: <repstopdf --outfile=figures/2partRocket-eps-co
nverted-to.pdf figures/2partRocket.eps>
(epstopdf)             \includegraphics on input line 698.
Package epstopdf Info: Output file is already uptodate.

<figures/2partRocket-eps-converted-to.pdf, id=127, 449.68pt x 723.70375pt>
File: figures/2partRocket-eps-converted-to.pdf Graphic file (type pdf)

<use figures/2partRocket-eps-converted-to.pdf>
Package pdftex.def Info: figures/2partRocket-eps-converted-to.pdf used on input
 line 698.
(pdftex.def)             Requested size: 166.04774pt x 267.23613pt.
Package epstopdf Info: Source file: <figures/linkGeometry.eps>
(epstopdf)                    date: 2015-07-29 18:18:31
(epstopdf)                    size: 20515 bytes
(epstopdf)             Output file: <figures/linkGeometry-eps-converted-to.pdf>

(epstopdf)                    date: 2015-09-06 13:40:34
(epstopdf)                    size: 12613 bytes
(epstopdf)             Command: <repstopdf --outfile=figures/linkGeometry-eps-c
onverted-to.pdf figures/linkGeometry.eps>
(epstopdf)             \includegraphics on input line 717.
Package epstopdf Info: Output file is already uptodate.

<figures/linkGeometry-eps-converted-to.pdf, id=128, 201.75375pt x 363.3575pt>
File: figures/linkGeometry-eps-converted-to.pdf Graphic file (type pdf)

<use figures/linkGeometry-eps-converted-to.pdf>
Package pdftex.def Info: figures/linkGeometry-eps-converted-to.pdf used on inpu
t line 717.
(pdftex.def)             Requested size: 124.53897pt x 224.2924pt.
 [10 <./figures/PIF.png (PNG copy)>] [11 <./figures/2partRocket-eps-converted-t
o.pdf> <./figures/linkGeometry-eps-converted-to.pdf>] [12]
Chapter 3.
<figures/ASTER30Launch.jpg, id=142, 383.799pt x 512.3884pt>
File: figures/ASTER30Launch.jpg Graphic file (type jpg)

<use figures/ASTER30Launch.jpg>
Package pdftex.def Info: figures/ASTER30Launch.jpg used on input line 801.
(pdftex.def)             Requested size: 245.71425pt x 328.0369pt.
 [13

] [14 <./figures/ASTER30Launch.jpg>]

LaTeX Warning: Citation `boiffier1998flightDynamics' on page 15 undefined on in
put line 847.

Package epstopdf Info: Source file: <figures/signConvention.eps>
(epstopdf)                    date: 2015-07-27 18:22:00
(epstopdf)                    size: 106519 bytes
(epstopdf)             Output file: <figures/signConvention-eps-converted-to.pd
f>
(epstopdf)                    date: 2015-09-06 13:40:35
(epstopdf)                    size: 28786 bytes
(epstopdf)             Command: <repstopdf --outfile=figures/signConvention-eps
-converted-to.pdf figures/signConvention.eps>
(epstopdf)             \includegraphics on input line 860.
Package epstopdf Info: Output file is already uptodate.

<figures/signConvention-eps-converted-to.pdf, id=150, 187.70125pt x 557.08125pt
>
File: figures/signConvention-eps-converted-to.pdf Graphic file (type pdf)
 <use figures/signConvention-eps-converted-to.pdf>
Package pdftex.def Info: figures/signConvention-eps-converted-to.pdf used on in
put line 860.
(pdftex.def)             Requested size: 187.70079pt x 557.0799pt.
 [15 <./figures/signConvention-eps-converted-to.pdf>]
Package epstopdf Info: Source file: <figures/frames.eps>
(epstopdf)                    date: 2015-07-27 18:22:55
(epstopdf)                    size: 73883 bytes
(epstopdf)             Output file: <figures/frames-eps-converted-to.pdf>
(epstopdf)                    date: 2015-09-06 13:40:35
(epstopdf)                    size: 31831 bytes
(epstopdf)             Command: <repstopdf --outfile=figures/frames-eps-convert
ed-to.pdf figures/frames.eps>
(epstopdf)             \includegraphics on input line 898.
Package epstopdf Info: Output file is already uptodate.

<figures/frames-eps-converted-to.pdf, id=157, 422.57875pt x 388.45125pt>
File: figures/frames-eps-converted-to.pdf Graphic file (type pdf)

<use figures/frames-eps-converted-to.pdf>
Package pdftex.def Info: figures/frames-eps-converted-to.pdf used on input line
 898.
(pdftex.def)             Requested size: 307.14749pt x 282.35194pt.

Overfull \hbox (72.68811pt too wide) detected at line 930
\OML/cmm/m/it/12 J[] \OT1/cmr/m/n/12 = [][] [] + [][] []
 []

[16 <./figures/frames-eps-converted-to.pdf>]

LaTeX Warning: Citation `lesieutre2002MISL3' on page 17 undefined on input line
 984.

<figures/aeroCoeff.pdf, id=165, 241.38179pt x 322.32419pt>
File: figures/aeroCoeff.pdf Graphic file (type pdf)

<use figures/aeroCoeff.pdf>
Package pdftex.def Info: figures/aeroCoeff.pdf used on input line 990.
(pdftex.def)             Requested size: 184.29036pt x 246.09029pt.


LaTeX Warning: Citation `lesieutre2002MISL3' on page 17 undefined on input line
 993.


LaTeX Warning: Citation `lesieutre2002MISL3' on page 17 undefined on input line
 1002.

[17]

LaTeX Warning: Citation `fleeman2006tactical' on page 18 undefined on input lin
e 1013.

Package epstopdf Info: Source file: <figures/EffortsOverview.eps>
(epstopdf)                    date: 2015-07-27 18:23:37
(epstopdf)                    size: 71131 bytes
(epstopdf)             Output file: <figures/EffortsOverview-eps-converted-to.p
df>
(epstopdf)                    date: 2015-09-06 13:40:35
(epstopdf)                    size: 30252 bytes
(epstopdf)             Command: <repstopdf --outfile=figures/EffortsOverview-ep
s-converted-to.pdf figures/EffortsOverview.eps>
(epstopdf)             \includegraphics on input line 1063.
Package epstopdf Info: Output file is already uptodate.
<figures/EffortsOverview-eps-converted-to.pdf, id=169, 459.7175pt x 385.44pt>
File: figures/EffortsOverview-eps-converted-to.pdf Graphic file (type pdf)

<use figures/EffortsOverview-eps-converted-to.pdf>
Package pdftex.def Info: figures/EffortsOverview-eps-converted-to.pdf used on i
nput line 1063.
(pdftex.def)             Requested size: 307.14749pt x 257.53181pt.
 [18 <./figures/aeroCoeff.pdf>] [19 <./figures/EffortsOverview-eps-converted-to
.pdf>] [20] [21]
LaTeX Font Info:    Try loading font information for T1+cmtt on input line 1254
.

(/usr/share/texlive/texmf-dist/tex/latex/base/t1cmtt.fd
File: t1cmtt.fd 1999/05/25 v2.5h Standard LaTeX font definitions
)
(/usr/share/texlive/texmf-dist/tex/latex/listings/lstlang1.sty
File: lstlang1.sty 2013/08/26 1.5b listings language file
)
LaTeX Font Info:    Try loading font information for T1+cmss on input line 1257
.

(/usr/share/texlive/texmf-dist/tex/latex/base/t1cmss.fd
File: t1cmss.fd 1999/05/25 v2.5h Standard LaTeX font definitions
)
LaTeX Font Info:    Try loading font information for TS1+cmss on input line 126
0.

(/usr/share/texlive/texmf-dist/tex/latex/base/ts1cmss.fd
File: ts1cmss.fd 1999/05/25 v2.5h Standard LaTeX font definitions
) [22] [23] [24]
[25]
Overfull \hbox (77.27643pt too wide) detected at line 1519
\OML/cmm/m/it/12 a[] \OT1/cmr/m/n/12 = \OMS/cmsy/m/n/12 ^^@[] [] [] ^^@ [][] \O
T1/cmr/m/n/12 + \OMS/cmsy/m/n/12 ^^@[]\OML/cmm/m/it/12 ^^Z[]S[]V[]C[]^^N[]
 []


Overfull \hbox (75.10585pt too wide) detected at line 1534
\OML/cmm/m/it/12 a[] \OT1/cmr/m/n/12 = \OML/cmm/m/it/12 a[] \OT1/cmr/m/n/12 + [
](\OML/cmm/m/it/12 x[] \OMS/cmsy/m/n/12 ^^@ \OML/cmm/m/it/12 x\OT1/cmr/m/n/12 )
 []
 []

[26]
Package epstopdf Info: Source file: <figures/sppo.eps>
(epstopdf)                    date: 2015-07-26 17:22:48
(epstopdf)                    size: 12101 bytes
(epstopdf)             Output file: <figures/sppo-eps-converted-to.pdf>
(epstopdf)                    date: 2015-09-06 13:40:36
(epstopdf)                    size: 8268 bytes
(epstopdf)             Command: <repstopdf --outfile=figures/sppo-eps-converted
-to.pdf figures/sppo.eps>
(epstopdf)             \includegraphics on input line 1627.
Package epstopdf Info: Output file is already uptodate.
 <figures/sppo-eps-converted-to.pdf, id=215, 386.44376pt x 262.9825pt>
File: figures/sppo-eps-converted-to.pdf Graphic file (type pdf)

<use figures/sppo-eps-converted-to.pdf>
Package pdftex.def Info: figures/sppo-eps-converted-to.pdf used on input line 1
627.
(pdftex.def)             Requested size: 368.58073pt x 250.82712pt.
 [27] [28 <./figures/sppo-eps-converted-to.pdf>] <figures/ASTERDimensions.png, 
id=228, 372.64218pt x 668.4975pt>
File: figures/ASTERDimensions.png Graphic file (type png)

<use figures/ASTERDimensions.png>
Package pdftex.def Info: figures/ASTERDimensions.png used on input line 1687.
(pdftex.def)             Requested size: 372.64127pt x 668.49586pt.
 [29 <./figures/ASTERDimensions.png (PNG copy)>]
Package epstopdf Info: Source file: <figures/lumpedElementModel.eps>
(epstopdf)                    date: 2015-07-27 18:15:34
(epstopdf)                    size: 57567 bytes
(epstopdf)             Output file: <figures/lumpedElementModel-eps-converted-t
o.pdf>
(epstopdf)                    date: 2015-09-06 13:40:36
(epstopdf)                    size: 30167 bytes
(epstopdf)             Command: <repstopdf --outfile=figures/lumpedElementModel
-eps-converted-to.pdf figures/lumpedElementModel.eps>
(epstopdf)             \includegraphics on input line 1736.
Package epstopdf Info: Output file is already uptodate.

<figures/lumpedElementModel-eps-converted-to.pdf, id=235, 533.995pt x 242.9075p
t>
File: figures/lumpedElementModel-eps-converted-to.pdf Graphic file (type pdf)
 <use figures/lumpedElementModel-eps-converted-to.pdf>
Package pdftex.def Info: figures/lumpedElementModel-eps-converted-to.pdf used o
n input line 1736.
(pdftex.def)             Requested size: 290.58673pt x 132.18736pt.

<figures/fqConvergence.png, id=236, 578.16pt x 433.62pt>
File: figures/fqConvergence.png Graphic file (type png)

<use figures/fqConvergence.png>
Package pdftex.def Info: figures/fqConvergence.png used on input line 1770.
(pdftex.def)             Requested size: 368.58073pt x 276.43074pt.

<figures/beamStructDimGraph.png, id=237, 578.16pt x 433.62pt>
File: figures/beamStructDimGraph.png Graphic file (type png)

<use figures/beamStructDimGraph.png>
Package pdftex.def Info: figures/beamStructDimGraph.png used on input line 1796
.
(pdftex.def)             Requested size: 249.07152pt x 186.8053pt.
 [30 <./figures/lumpedElementModel-eps-converted-to.pdf>] [31 <./figures/fqConv
ergence.png (PNG copy)> <./figures/beamStructDimGraph.png (PNG copy)>]

LaTeX Warning: Citation `prentis1963leckie' on page 32 undefined on input line 
1820.

[32]
Package epstopdf Info: Source file: <figures/LeckieCases.eps>
(epstopdf)                    date: 2015-07-27 18:16:34
(epstopdf)                    size: 55704 bytes
(epstopdf)             Output file: <figures/LeckieCases-eps-converted-to.pdf>
(epstopdf)                    date: 2015-09-06 13:40:37
(epstopdf)                    size: 28040 bytes
(epstopdf)             Command: <repstopdf --outfile=figures/LeckieCases-eps-co
nverted-to.pdf figures/LeckieCases.eps>
(epstopdf)             \includegraphics on input line 1919.
Package epstopdf Info: Output file is already uptodate.

<figures/LeckieCases-eps-converted-to.pdf, id=251, 455.7025pt x 553.06625pt>
File: figures/LeckieCases-eps-converted-to.pdf Graphic file (type pdf)

<use figures/LeckieCases-eps-converted-to.pdf>
Package pdftex.def Info: figures/LeckieCases-eps-converted-to.pdf used on input
 line 1919.
(pdftex.def)             Requested size: 245.71425pt x 298.22093pt.
 [33] [34 <./figures/LeckieCases-eps-converted-to.pdf>]
Package epstopdf Info: Source file: <figures/matrixCat.eps>
(epstopdf)                    date: 2015-07-28 19:12:32
(epstopdf)                    size: 176809 bytes
(epstopdf)             Output file: <figures/matrixCat-eps-converted-to.pdf>
(epstopdf)                    date: 2015-09-06 13:40:38
(epstopdf)                    size: 30130 bytes
(epstopdf)             Command: <repstopdf --outfile=figures/matrixCat-eps-conv
erted-to.pdf figures/matrixCat.eps>
(epstopdf)             \includegraphics on input line 2026.
Package epstopdf Info: Output file is already uptodate.

<figures/matrixCat-eps-converted-to.pdf, id=260, 378.41376pt x 164.615pt>
File: figures/matrixCat-eps-converted-to.pdf Graphic file (type pdf)

<use figures/matrixCat-eps-converted-to.pdf>
Package pdftex.def Info: figures/matrixCat-eps-converted-to.pdf used on input l
ine 2026.
(pdftex.def)             Requested size: 332.10184pt x 144.46979pt.
 [35] [36 <./figures/matrixCat-eps-converted-to.pdf>]

LaTeX Warning: Citation `el2008tridiagonal' on page 37 undefined on input line 
2111.


LaTeX Warning: Citation `gawronski2004modal' on page 37 undefined on input line
 2146.

[37]
Package epstopdf Info: Source file: <figures/modeShape.eps>
(epstopdf)                    date: 2015-07-26 18:29:38
(epstopdf)                    size: 148492 bytes
(epstopdf)             Output file: <figures/modeShape-eps-converted-to.pdf>
(epstopdf)                    date: 2015-09-06 13:40:38
(epstopdf)                    size: 19767 bytes
(epstopdf)             Command: <repstopdf --outfile=figures/modeShape-eps-conv
erted-to.pdf figures/modeShape.eps>
(epstopdf)             \includegraphics on input line 2186.
Package epstopdf Info: Output file is already uptodate.
 <figures/modeShape-eps-converted-to.pdf, id=276, 604.2575pt x 407.5225pt>
File: figures/modeShape-eps-converted-to.pdf Graphic file (type pdf)

<use figures/modeShape-eps-converted-to.pdf>
Package pdftex.def Info: figures/modeShape-eps-converted-to.pdf used on input l
ine 2186.
(pdftex.def)             Requested size: 368.58073pt x 248.57591pt.
 [38] [39 <./figures/modeShape-eps-converted-to.pdf>] [40] [41] [42] [43] [44]
<figures/azRBElimination.png, id=314, 578.16pt x 433.62pt>
File: figures/azRBElimination.png Graphic file (type png)

<use figures/azRBElimination.png>
Package pdftex.def Info: figures/azRBElimination.png used on input line 2651.
(pdftex.def)             Requested size: 430.00462pt x 322.50143pt.

Overfull \hbox (14.8789pt too wide) in paragraph at lines 2651--2652
 [][] 
 []


LaTeX Warning: Citation `gawronski2004modal' on page 45 undefined on input line
 2661.

[45] [46 <./figures/azRBElimination.png (PNG copy)>] [47]
<figures/hsvdEps.png, id=324, 578.16pt x 433.62pt>
File: figures/hsvdEps.png Graphic file (type png)
 <use figures/hsvdEps.png>
Package pdftex.def Info: figures/hsvdEps.png used on input line 2740.
(pdftex.def)             Requested size: 368.58073pt x 276.43074pt.

<figures/hsvdGyr.png, id=325, 578.16pt x 433.62pt>
File: figures/hsvdGyr.png Graphic file (type png)
 <use figures/hsvdGyr.png>
Package pdftex.def Info: figures/hsvdGyr.png used on input line 2751.
(pdftex.def)             Requested size: 368.58073pt x 276.43074pt.

<figures/hsvdAcc.png, id=326, 578.16pt x 433.62pt>
File: figures/hsvdAcc.png Graphic file (type png)
 <use figures/hsvdAcc.png>
Package pdftex.def Info: figures/hsvdAcc.png used on input line 2760.
(pdftex.def)             Requested size: 368.58073pt x 276.43074pt.

[48 <./figures/hsvdEps.png (PNG copy)>] [49 <./figures/hsvdGyr.png (PNG copy)> 
<./figures/hsvdAcc.png (PNG copy)>]

LaTeX Warning: Citation `gawronski2004modal' on page 50 undefined on input line
 2855.

[50] [51] <figures/indicesEps.png, id=341, 578.16pt x 433.62pt>
File: figures/indicesEps.png Graphic file (type png)

<use figures/indicesEps.png>
Package pdftex.def Info: figures/indicesEps.png used on input line 2943.
(pdftex.def)             Requested size: 368.58073pt x 276.43074pt.
 [52 <./figures/indicesEps.png (PNG copy)>]
<figures/indicesGyr.png, id=345, 578.16pt x 433.62pt>
File: figures/indicesGyr.png Graphic file (type png)

<use figures/indicesGyr.png>
Package pdftex.def Info: figures/indicesGyr.png used on input line 2987.
(pdftex.def)             Requested size: 368.58073pt x 276.43074pt.
 [53]
<figures/indicesAcc.png, id=349, 578.16pt x 433.62pt>
File: figures/indicesAcc.png Graphic file (type png)

<use figures/indicesAcc.png>
Package pdftex.def Info: figures/indicesAcc.png used on input line 3030.
(pdftex.def)             Requested size: 368.58073pt x 276.43074pt.
 [54 <./figures/indicesGyr.png (PNG copy)>]
Package epstopdf Info: Source file: <figures/sensorPlacement.eps>
(epstopdf)                    date: 2015-07-27 18:20:36
(epstopdf)                    size: 114105 bytes
(epstopdf)             Output file: <figures/sensorPlacement-eps-converted-to.p
df>
(epstopdf)                    date: 2015-09-06 13:40:39
(epstopdf)                    size: 33324 bytes
(epstopdf)             Command: <repstopdf --outfile=figures/sensorPlacement-ep
s-converted-to.pdf figures/sensorPlacement.eps>
(epstopdf)             \includegraphics on input line 3067.
Package epstopdf Info: Output file is already uptodate.

<figures/sensorPlacement-eps-converted-to.pdf, id=353, 295.1025pt x 557.08125pt
>
File: figures/sensorPlacement-eps-converted-to.pdf Graphic file (type pdf)
 <use figures/sensorPlacement-eps-converted-to.pdf>
Package pdftex.def Info: figures/sensorPlacement-eps-converted-to.pdf used on i
nput line 3067.
(pdftex.def)             Requested size: 295.10176pt x 557.0799pt.
 [55 <./figures/indicesAcc.png (PNG copy)>] [56 <./figures/sensorPlacement-eps-
converted-to.pdf>]
Package epstopdf Info: Source file: <figures/simulinkModel.eps>
(epstopdf)                    date: 2015-07-26 19:37:38
(epstopdf)                    size: 387327 bytes
(epstopdf)             Output file: <figures/simulinkModel-eps-converted-to.pdf
>
(epstopdf)                    date: 2015-09-06 13:40:39
(epstopdf)                    size: 57430 bytes
(epstopdf)             Command: <repstopdf --outfile=figures/simulinkModel-eps-
converted-to.pdf figures/simulinkModel.eps>
(epstopdf)             \includegraphics on input line 3158.
Package epstopdf Info: Output file is already uptodate.

<figures/simulinkModel-eps-converted-to.pdf, id=364, 1426.32875pt x 754.82pt>
File: figures/simulinkModel-eps-converted-to.pdf Graphic file (type pdf)

<use figures/simulinkModel-eps-converted-to.pdf>
Package pdftex.def Info: figures/simulinkModel-eps-converted-to.pdf used on inp
ut line 3158.
(pdftex.def)             Requested size: 1426.32529pt x 754.81818pt.


LaTeX Warning: Float too large for page by 1.85094pt on input line 3164.

Package epstopdf Info: Source file: <figures/az83.eps>
(epstopdf)                    date: 2015-07-26 20:18:22
(epstopdf)                    size: 42099 bytes
(epstopdf)             Output file: <figures/az83-eps-converted-to.pdf>
(epstopdf)                    date: 2015-09-06 13:40:40
(epstopdf)                    size: 32666 bytes
(epstopdf)             Command: <repstopdf --outfile=figures/az83-eps-converted
-to.pdf figures/az83.eps>
(epstopdf)             \includegraphics on input line 3179.
Package epstopdf Info: Output file is already uptodate.
<figures/az83-eps-converted-to.pdf, id=365, 421.575pt x 317.185pt>
File: figures/az83-eps-converted-to.pdf Graphic file (type pdf)

<use figures/az83-eps-converted-to.pdf>
Package pdftex.def Info: figures/az83-eps-converted-to.pdf used on input line 3
179.
(pdftex.def)             Requested size: 307.14749pt x 231.09784pt.
Package epstopdf Info: Source file: <figures/az83_2.eps>
(epstopdf)                    date: 2015-07-26 20:18:21
(epstopdf)                    size: 27985 bytes
(epstopdf)             Output file: <figures/az83_2-eps-converted-to.pdf>
(epstopdf)                    date: 2015-09-06 13:40:40
(epstopdf)                    size: 25173 bytes
(epstopdf)             Command: <repstopdf --outfile=figures/az83_2-eps-convert
ed-to.pdf figures/az83_2.eps>
(epstopdf)             \includegraphics on input line 3189.
Package epstopdf Info: Output file is already uptodate.

<figures/az83_2-eps-converted-to.pdf, id=366, 421.575pt x 317.185pt>
File: figures/az83_2-eps-converted-to.pdf Graphic file (type pdf)

<use figures/az83_2-eps-converted-to.pdf>
Package pdftex.def Info: figures/az83_2-eps-converted-to.pdf used on input line
 3189.
(pdftex.def)             Requested size: 307.14749pt x 231.09784pt.
 [57] [58 <./figures/simulinkModel-eps-converted-to.pdf>] [59 <./figures/az83-e
ps-converted-to.pdf> <./figures/az83_2-eps-converted-to.pdf>] [60

]
Chapter 4.
[61]
Package epstopdf Info: Source file: <figures/rlocusKq.eps>
(epstopdf)                    date: 2015-07-26 20:46:10
(epstopdf)                    size: 15724 bytes
(epstopdf)             Output file: <figures/rlocusKq-eps-converted-to.pdf>
(epstopdf)                    date: 2015-09-06 13:40:41
(epstopdf)                    size: 10915 bytes
(epstopdf)             Command: <repstopdf --outfile=figures/rlocusKq-eps-conve
rted-to.pdf figures/rlocusKq.eps>
(epstopdf)             \includegraphics on input line 3310.
Package epstopdf Info: Output file is already uptodate.
 <figures/rlocusKq-eps-converted-to.pdf, id=554, 421.575pt x 317.185pt>
File: figures/rlocusKq-eps-converted-to.pdf Graphic file (type pdf)

<use figures/rlocusKq-eps-converted-to.pdf>
Package pdftex.def Info: figures/rlocusKq-eps-converted-to.pdf used on input li
ne 3310.
(pdftex.def)             Requested size: 368.58073pt x 277.31837pt.

Overfull \hbox (11.84999pt too wide) in paragraph at lines 3319--3322
[]\T1/cmr/m/n/12 The pro-por-tional in-te-gral cor-rec-tor on the lat-eral ac-c
el-er-a-tion $\OML/cmm/m/it/12 PI\OT1/cmr/m/n/12 (\OML/cmm/m/it/12 s\OT1/cmr/m/
n/12 ) = \OML/cmm/m/it/12 K[][]$
 []

[62] <figures/rlocusNoVibeSupp2.png, id=558, 578.16pt x 433.62pt>
File: figures/rlocusNoVibeSupp2.png Graphic file (type png)

<use figures/rlocusNoVibeSupp2.png>
Package pdftex.def Info: figures/rlocusNoVibeSupp2.png used on input line 3349.

(pdftex.def)             Requested size: 368.58073pt x 276.43074pt.
 [63 <./figures/rlocusKq-eps-converted-to.pdf>]
Underfull \vbox (badness 1394) has occurred while \output is active []

 [64 <./figures/rlocusNoVibeSupp2.png (PNG copy)>]
Package epstopdf Info: Source file: <figures/notchFilter.eps>
(epstopdf)                    date: 2015-07-28 15:44:06
(epstopdf)                    size: 25592 bytes
(epstopdf)             Output file: <figures/notchFilter-eps-converted-to.pdf>
(epstopdf)                    date: 2015-09-06 13:40:42
(epstopdf)                    size: 16535 bytes
(epstopdf)             Command: <repstopdf --outfile=figures/notchFilter-eps-co
nverted-to.pdf figures/notchFilter.eps>
(epstopdf)             \includegraphics on input line 3399.
Package epstopdf Info: Output file is already uptodate.

<figures/notchFilter-eps-converted-to.pdf, id=571, 485.815pt x 419.5675pt>
File: figures/notchFilter-eps-converted-to.pdf Graphic file (type pdf)

<use figures/notchFilter-eps-converted-to.pdf>
Package pdftex.def Info: figures/notchFilter-eps-converted-to.pdf used on input
 line 3399.
(pdftex.def)             Requested size: 368.58073pt x 318.31763pt.
Package epstopdf Info: Source file: <figures/bodeFiltered.eps>
(epstopdf)                    date: 2015-07-28 15:45:06
(epstopdf)                    size: 38236 bytes
(epstopdf)             Output file: <figures/bodeFiltered-eps-converted-to.pdf>

(epstopdf)                    date: 2015-09-06 13:40:42
(epstopdf)                    size: 23576 bytes
(epstopdf)             Command: <repstopdf --outfile=figures/bodeFiltered-eps-c
onverted-to.pdf figures/bodeFiltered.eps>
(epstopdf)             \includegraphics on input line 3414.
Package epstopdf Info: Output file is already uptodate.

<figures/bodeFiltered-eps-converted-to.pdf, id=572, 491.8375pt x 419.5675pt>
File: figures/bodeFiltered-eps-converted-to.pdf Graphic file (type pdf)

<use figures/bodeFiltered-eps-converted-to.pdf>
Package pdftex.def Info: figures/bodeFiltered-eps-converted-to.pdf used on inpu
t line 3414.
(pdftex.def)             Requested size: 368.58073pt x 314.43156pt.

Underfull \vbox (badness 10000) has occurred while \output is active []

 [65 <./figures/notchFilter-eps-converted-to.pdf>] [66 <./figures/bodeFiltered-
eps-converted-to.pdf>] <figures/bodeThrustVect.png, id=602, 578.16pt x 433.62pt
>
File: figures/bodeThrustVect.png Graphic file (type png)

<use figures/bodeThrustVect.png>
Package pdftex.def Info: figures/bodeThrustVect.png used on input line 3502.
(pdftex.def)             Requested size: 368.58073pt x 276.43074pt.
 [67 <./figures/bodeThrustVect.png (PNG copy)>]
Package epstopdf Info: Source file: <figures/bodeFins.eps>
(epstopdf)                    date: 2015-08-19 09:44:32
(epstopdf)                    size: 114278 bytes
(epstopdf)             Output file: <figures/bodeFins-eps-converted-to.pdf>
(epstopdf)                    date: 2015-09-06 13:40:53
(epstopdf)                    size: 13176 bytes
(epstopdf)             Command: <repstopdf --outfile=figures/bodeFins-eps-conve
rted-to.pdf figures/bodeFins.eps>
(epstopdf)             \includegraphics on input line 3523.
Package epstopdf Info: Output file is already uptodate.
<figures/bodeFins-eps-converted-to.pdf, id=607, 478.78876pt x 383.4325pt>
File: figures/bodeFins-eps-converted-to.pdf Graphic file (type pdf)

<use figures/bodeFins-eps-converted-to.pdf>
Package pdftex.def Info: figures/bodeFins-eps-converted-to.pdf used on input li
ne 3523.
(pdftex.def)             Requested size: 368.58073pt x 295.17372pt.
 [68 <./figures/bodeFins-eps-converted-to.pdf>] <figures/rlocusStrain.png, id=6
22, 578.16pt x 433.62pt>
File: figures/rlocusStrain.png Graphic file (type png)

<use figures/rlocusStrain.png>
Package pdftex.def Info: figures/rlocusStrain.png used on input line 3613.
(pdftex.def)             Requested size: 368.58073pt x 276.43074pt.
Package epstopdf Info: Source file: <figures/bodeDampingStrain.eps>
(epstopdf)                    date: 2015-07-26 21:27:02
(epstopdf)                    size: 39096 bytes
(epstopdf)             Output file: <figures/bodeDampingStrain-eps-converted-to
.pdf>
(epstopdf)                    date: 2015-09-06 13:40:54
(epstopdf)                    size: 28365 bytes
(epstopdf)             Command: <repstopdf --outfile=figures/bodeDampingStrain-
eps-converted-to.pdf figures/bodeDampingStrain.eps>
(epstopdf)             \includegraphics on input line 3629.
Package epstopdf Info: Output file is already uptodate.

<figures/bodeDampingStrain-eps-converted-to.pdf, id=623, 697.60625pt x 532.9912
6pt>
File: figures/bodeDampingStrain-eps-converted-to.pdf Graphic file (type pdf)
 <use figures/bodeDampingStrain-eps-converted-to.pdf>
Package pdftex.def Info: figures/bodeDampingStrain-eps-converted-to.pdf used on
 input line 3629.
(pdftex.def)             Requested size: 368.58073pt x 281.60568pt.
 [69]
<figures/rlocusDGyr.png, id=627, 578.16pt x 433.62pt>
File: figures/rlocusDGyr.png Graphic file (type png)

<use figures/rlocusDGyr.png>
Package pdftex.def Info: figures/rlocusDGyr.png used on input line 3760.
(pdftex.def)             Requested size: 368.58073pt x 276.43074pt.
 [70 <./figures/rlocusStrain.png (PNG copy)>]
[71 <./figures/bodeDampingStrain-eps-converted-to.pdf>]
Package epstopdf Info: Source file: <figures/bodeDampingGyr.eps>
(epstopdf)                    date: 2015-07-26 21:37:26
(epstopdf)                    size: 37654 bytes
(epstopdf)             Output file: <figures/bodeDampingGyr-eps-converted-to.pd
f>
(epstopdf)                    date: 2015-09-06 13:40:55
(epstopdf)                    size: 23789 bytes
(epstopdf)             Command: <repstopdf --outfile=figures/bodeDampingGyr-eps
-converted-to.pdf figures/bodeDampingGyr.eps>
(epstopdf)             \includegraphics on input line 3773.
Package epstopdf Info: Output file is already uptodate.

<figures/bodeDampingGyr-eps-converted-to.pdf, id=644, 421.575pt x 317.185pt>
File: figures/bodeDampingGyr-eps-converted-to.pdf Graphic file (type pdf)

<use figures/bodeDampingGyr-eps-converted-to.pdf>
Package pdftex.def Info: figures/bodeDampingGyr-eps-converted-to.pdf used on in
put line 3773.
(pdftex.def)             Requested size: 368.58073pt x 277.31837pt.
Missing character: There is no ; in font nullfont!
Missing character: There is no ; in font nullfont!
Missing character: There is no ; in font nullfont!
 [72 <./figures/rlocusDGyr.png (PNG copy)>] [73 <./figures/bodeDampingGyr-eps-c
onverted-to.pdf>]
<figures/rlocusSAcc.png, id=662, 578.16pt x 433.62pt>
File: figures/rlocusSAcc.png Graphic file (type png)

<use figures/rlocusSAcc.png>
Package pdftex.def Info: figures/rlocusSAcc.png used on input line 3925.
(pdftex.def)             Requested size: 368.58073pt x 276.43074pt.
Package epstopdf Info: Source file: <figures/bodeDampingAcc.eps>
(epstopdf)                    date: 2015-07-26 21:37:12
(epstopdf)                    size: 37651 bytes
(epstopdf)             Output file: <figures/bodeDampingAcc-eps-converted-to.pd
f>
(epstopdf)                    date: 2015-09-06 13:40:56
(epstopdf)                    size: 24505 bytes
(epstopdf)             Command: <repstopdf --outfile=figures/bodeDampingAcc-eps
-converted-to.pdf figures/bodeDampingAcc.eps>
(epstopdf)             \includegraphics on input line 3938.
Package epstopdf Info: Output file is already uptodate.

<figures/bodeDampingAcc-eps-converted-to.pdf, id=663, 421.575pt x 317.185pt>
File: figures/bodeDampingAcc-eps-converted-to.pdf Graphic file (type pdf)

<use figures/bodeDampingAcc-eps-converted-to.pdf>
Package pdftex.def Info: figures/bodeDampingAcc-eps-converted-to.pdf used on in
put line 3938.
(pdftex.def)             Requested size: 368.58073pt x 277.31837pt.
Missing character: There is no ; in font nullfont!
Missing character: There is no ; in font nullfont!

Overfull \hbox (29.91635pt too wide) in paragraph at lines 4017--4018
 [][] 
 []

[74]

LaTeX Warning: Citation `apkarian2006nonsmooth' on page 75 undefined on input l
ine 4050.

[75 <./figures/rlocusSAcc.png (PNG copy)>] [76 <./figures/bodeDampingAcc-eps-co
nverted-to.pdf>]
Missing character: There is no ; in font nullfont!
Package epstopdf Info: Source file: <figures/weights.eps>
(epstopdf)                    date: 2015-07-28 17:40:30
(epstopdf)                    size: 160113 bytes
(epstopdf)             Output file: <figures/weights-eps-converted-to.pdf>
(epstopdf)                    date: 2015-09-06 13:40:57
(epstopdf)                    size: 13788 bytes
(epstopdf)             Command: <repstopdf --outfile=figures/weights-eps-conver
ted-to.pdf figures/weights.eps>
(epstopdf)             \includegraphics on input line 4137.
Package epstopdf Info: Output file is already uptodate.

<figures/weights-eps-converted-to.pdf, id=685, 497.86pt x 405.515pt>
File: figures/weights-eps-converted-to.pdf Graphic file (type pdf)

<use figures/weights-eps-converted-to.pdf>
Package pdftex.def Info: figures/weights-eps-converted-to.pdf used on input lin
e 4137.
(pdftex.def)             Requested size: 307.14749pt x 250.17915pt.
 [77]
Underfull \vbox (badness 10000) has occurred while \output is active []

 [78 <./figures/weights-eps-converted-to.pdf>]
Package epstopdf Info: Source file: <figures/pznotch.eps>
(epstopdf)                    date: 2015-07-27 14:25:52
(epstopdf)                    size: 48277 bytes
(epstopdf)             Output file: <figures/pznotch-eps-converted-to.pdf>
(epstopdf)                    date: 2015-09-06 13:40:57
(epstopdf)                    size: 16701 bytes
(epstopdf)             Command: <repstopdf --outfile=figures/pznotch-eps-conver
ted-to.pdf figures/pznotch.eps>
(epstopdf)             \includegraphics on input line 4243.
Package epstopdf Info: Output file is already uptodate.

<figures/pznotch-eps-converted-to.pdf, id=708, 503.8825pt x 402.50375pt>
File: figures/pznotch-eps-converted-to.pdf Graphic file (type pdf)

<use figures/pznotch-eps-converted-to.pdf>
Package pdftex.def Info: figures/pznotch-eps-converted-to.pdf used on input lin
e 4243.
(pdftex.def)             Requested size: 186.8053pt x 149.21886pt.
Package epstopdf Info: Source file: <figures/pzstrain.eps>
(epstopdf)                    date: 2015-07-27 14:25:58
(epstopdf)                    size: 38289 bytes
(epstopdf)             Output file: <figures/pzstrain-eps-converted-to.pdf>
(epstopdf)                    date: 2015-09-06 13:40:58
(epstopdf)                    size: 14396 bytes
(epstopdf)             Command: <repstopdf --outfile=figures/pzstrain-eps-conve
rted-to.pdf figures/pzstrain.eps>
(epstopdf)             \includegraphics on input line 4243.
Package epstopdf Info: Output file is already uptodate.

<figures/pzstrain-eps-converted-to.pdf, id=709, 503.8825pt x 402.50375pt>
File: figures/pzstrain-eps-converted-to.pdf Graphic file (type pdf)

<use figures/pzstrain-eps-converted-to.pdf>
Package pdftex.def Info: figures/pzstrain-eps-converted-to.pdf used on input li
ne 4243.
(pdftex.def)             Requested size: 186.8053pt x 149.21886pt.
Package epstopdf Info: Source file: <figures/pzgyr.eps>
(epstopdf)                    date: 2015-07-27 14:26:06
(epstopdf)                    size: 38288 bytes
(epstopdf)             Output file: <figures/pzgyr-eps-converted-to.pdf>
(epstopdf)                    date: 2015-09-06 13:40:58
(epstopdf)                    size: 13972 bytes
(epstopdf)             Command: <repstopdf --outfile=figures/pzgyr-eps-converte
d-to.pdf figures/pzgyr.eps>
(epstopdf)             \includegraphics on input line 4251.
Package epstopdf Info: Output file is already uptodate.

<figures/pzgyr-eps-converted-to.pdf, id=710, 503.8825pt x 402.50375pt>
File: figures/pzgyr-eps-converted-to.pdf Graphic file (type pdf)

<use figures/pzgyr-eps-converted-to.pdf>
Package pdftex.def Info: figures/pzgyr-eps-converted-to.pdf used on input line 
4251.
(pdftex.def)             Requested size: 186.8053pt x 149.21886pt.
Package epstopdf Info: Source file: <figures/pzacc.eps>
(epstopdf)                    date: 2015-07-27 14:26:12
(epstopdf)                    size: 40479 bytes
(epstopdf)             Output file: <figures/pzacc-eps-converted-to.pdf>
(epstopdf)                    date: 2015-09-06 13:40:59
(epstopdf)                    size: 14273 bytes
(epstopdf)             Command: <repstopdf --outfile=figures/pzacc-eps-converte
d-to.pdf figures/pzacc.eps>
(epstopdf)             \includegraphics on input line 4251.
Package epstopdf Info: Output file is already uptodate.

<figures/pzacc-eps-converted-to.pdf, id=711, 503.8825pt x 402.50375pt>
File: figures/pzacc-eps-converted-to.pdf Graphic file (type pdf)

<use figures/pzacc-eps-converted-to.pdf>
Package pdftex.def Info: figures/pzacc-eps-converted-to.pdf used on input line 
4251.
(pdftex.def)             Requested size: 186.8053pt x 149.21886pt.

Underfull \vbox (badness 1789) has occurred while \output is active []

 [79]
[80 <./figures/pznotch-eps-converted-to.pdf> <./figures/pzstrain-eps-converted-
to.pdf> <./figures/pzgyr-eps-converted-to.pdf> <./figures/pzacc-eps-converted-t
o.pdf>]
Package epstopdf Info: Source file: <figures/step.eps>
(epstopdf)                    date: 2015-07-28 18:39:58
(epstopdf)                    size: 30921 bytes
(epstopdf)             Output file: <figures/step-eps-converted-to.pdf>
(epstopdf)                    date: 2015-09-06 13:40:59
(epstopdf)                    size: 27094 bytes
(epstopdf)             Command: <repstopdf --outfile=figures/step-eps-converted
-to.pdf figures/step.eps>
(epstopdf)             \includegraphics on input line 4272.
Package epstopdf Info: Output file is already uptodate.
 <figures/step-eps-converted-to.pdf, id=743, 498.86375pt x 415.5525pt>
File: figures/step-eps-converted-to.pdf Graphic file (type pdf)

<use figures/step-eps-converted-to.pdf>
Package pdftex.def Info: figures/step-eps-converted-to.pdf used on input line 4
272.
(pdftex.def)             Requested size: 299.75444pt x 249.69757pt.
Package epstopdf Info: Source file: <figures/sigmaErr.eps>
(epstopdf)                    date: 2015-07-31 19:45:41
(epstopdf)                    size: 127099 bytes
(epstopdf)             Output file: <figures/sigmaErr-eps-converted-to.pdf>
(epstopdf)                    date: 2015-09-06 13:41:00
(epstopdf)                    size: 35741 bytes
(epstopdf)             Command: <repstopdf --outfile=figures/sigmaErr-eps-conve
rted-to.pdf figures/sigmaErr.eps>
(epstopdf)             \includegraphics on input line 4287.
Package epstopdf Info: Output file is already uptodate.

<figures/sigmaErr-eps-converted-to.pdf, id=744, 484.81125pt x 390.45876pt>
File: figures/sigmaErr-eps-converted-to.pdf Graphic file (type pdf)

<use figures/sigmaErr-eps-converted-to.pdf>
Package pdftex.def Info: figures/sigmaErr-eps-converted-to.pdf used on input li
ne 4287.
(pdftex.def)             Requested size: 310.03401pt x 249.69757pt.
 [81 <./figures/step-eps-converted-to.pdf>]
Package epstopdf Info: Source file: <figures/sigThetaDemand.eps>
(epstopdf)                    date: 2015-07-27 14:39:22
(epstopdf)                    size: 36152 bytes
(epstopdf)             Output file: <figures/sigThetaDemand-eps-converted-to.pd
f>
(epstopdf)                    date: 2015-09-06 13:41:01
(epstopdf)                    size: 29267 bytes
(epstopdf)             Command: <repstopdf --outfile=figures/sigThetaDemand-eps
-converted-to.pdf figures/sigThetaDemand.eps>
(epstopdf)             \includegraphics on input line 4324.
Package epstopdf Info: Output file is already uptodate.

<figures/sigThetaDemand-eps-converted-to.pdf, id=754, 498.86375pt x 402.50375pt
>
File: figures/sigThetaDemand-eps-converted-to.pdf Graphic file (type pdf)
 <use figures/sigThetaDemand-eps-converted-to.pdf>
Package pdftex.def Info: figures/sigThetaDemand-eps-converted-to.pdf used on in
put line 4324.
(pdftex.def)             Requested size: 309.47502pt x 249.69757pt.
Package epstopdf Info: Source file: <figures/sigDeltaDemand.eps>
(epstopdf)                    date: 2015-07-31 19:59:45
(epstopdf)                    size: 53939 bytes
(epstopdf)             Output file: <figures/sigDeltaDemand-eps-converted-to.pd
f>
(epstopdf)                    date: 2015-09-06 13:41:01
(epstopdf)                    size: 17371 bytes
(epstopdf)             Command: <repstopdf --outfile=figures/sigDeltaDemand-eps
-converted-to.pdf figures/sigDeltaDemand.eps>
(epstopdf)             \includegraphics on input line 4340.
Package epstopdf Info: Output file is already uptodate.

<figures/sigDeltaDemand-eps-converted-to.pdf, id=755, 490.83376pt x 390.45876pt
>
File: figures/sigDeltaDemand-eps-converted-to.pdf Graphic file (type pdf)
 <use figures/sigDeltaDemand-eps-converted-to.pdf>
Package pdftex.def Info: figures/sigDeltaDemand-eps-converted-to.pdf used on in
put line 4340.
(pdftex.def)             Requested size: 313.88538pt x 249.69757pt.
 [82 <./figures/sigmaErr-eps-converted-to.pdf>] [83 <./figures/sigThetaDemand-e
ps-converted-to.pdf> <./figures/sigDeltaDemand-eps-converted-to.pdf>]
Package epstopdf Info: Source file: <figures/sigParasites.eps>
(epstopdf)                    date: 2015-07-27 14:39:24
(epstopdf)                    size: 24029 bytes
(epstopdf)             Output file: <figures/sigParasites-eps-converted-to.pdf>

(epstopdf)                    date: 2015-09-06 13:41:02
(epstopdf)                    size: 21835 bytes
(epstopdf)             Command: <repstopdf --outfile=figures/sigParasites-eps-c
onverted-to.pdf figures/sigParasites.eps>
(epstopdf)             \includegraphics on input line 4369.
Package epstopdf Info: Output file is already uptodate.

<figures/sigParasites-eps-converted-to.pdf, id=788, 493.845pt x 402.50375pt>
File: figures/sigParasites-eps-converted-to.pdf Graphic file (type pdf)

<use figures/sigParasites-eps-converted-to.pdf>
Package pdftex.def Info: figures/sigParasites-eps-converted-to.pdf used on inpu
t line 4369.
(pdftex.def)             Requested size: 306.36157pt x 249.69757pt.
Package epstopdf Info: Source file: <figures/sigVibes.eps>
(epstopdf)                    date: 2015-07-27 14:40:04
(epstopdf)                    size: 40661 bytes
(epstopdf)             Output file: <figures/sigVibes-eps-converted-to.pdf>
(epstopdf)                    date: 2015-09-06 13:41:02
(epstopdf)                    size: 37511 bytes
(epstopdf)             Command: <repstopdf --outfile=figures/sigVibes-eps-conve
rted-to.pdf figures/sigVibes.eps>
(epstopdf)             \includegraphics on input line 4406.
Package epstopdf Info: Output file is already uptodate.

<figures/sigVibes-eps-converted-to.pdf, id=789, 487.8225pt x 402.50375pt>
File: figures/sigVibes-eps-converted-to.pdf Graphic file (type pdf)

<use figures/sigVibes-eps-converted-to.pdf>
Package pdftex.def Info: figures/sigVibes-eps-converted-to.pdf used on input li
ne 4406.
(pdftex.def)             Requested size: 302.62546pt x 249.69757pt.
 [84 <./figures/sigParasites-eps-converted-to.pdf>]
Package epstopdf Info: Source file: <figures/sigStress.eps>
(epstopdf)                    date: 2015-07-27 14:40:06
(epstopdf)                    size: 23523 bytes
(epstopdf)             Output file: <figures/sigStress-eps-converted-to.pdf>
(epstopdf)                    date: 2015-09-06 13:41:03
(epstopdf)                    size: 21910 bytes
(epstopdf)             Command: <repstopdf --outfile=figures/sigStress-eps-conv
erted-to.pdf figures/sigStress.eps>
(epstopdf)             \includegraphics on input line 4428.
Package epstopdf Info: Output file is already uptodate.

<figures/sigStress-eps-converted-to.pdf, id=799, 493.845pt x 402.50375pt>
File: figures/sigStress-eps-converted-to.pdf Graphic file (type pdf)

<use figures/sigStress-eps-converted-to.pdf>
Package pdftex.def Info: figures/sigStress-eps-converted-to.pdf used on input l
ine 4428.
(pdftex.def)             Requested size: 344.65677pt x 280.91214pt.
 [85 <./figures/sigVibes-eps-converted-to.pdf>] [86 <./figures/sigStress-eps-co
nverted-to.pdf>]
Chapter 5.

LaTeX Warning: Citation `lesieutre2002MISL3' on page 87 undefined on input line
 4454.


LaTeX Warning: Citation `fleeman2006tactical' on page 87 undefined on input lin
e 4455.

[87

] [88]
Overfull \hbox (10.46364pt too wide) in paragraph at lines 4573--4588
 [][] 
 []

[89] [90]
Chapter 6.
[91

] [92]
Appendix A.
[93

] [94]
Overfull \hbox (0.23128pt too wide) in paragraph at lines 4789--4791
[]\T1/cmr/m/n/12 The func-tion \T1/cmtt/m/n/12 getFlexibleBodySS \T1/cmr/m/n/12
 gen-er-ates the flexible-body state-
 []


Overfull \hbox (5.62148pt too wide) in paragraph at lines 4791--4797
\T1/cmr/m/n/12 ra-tios, the sys-tem is for-mu-lated un-der its state-space form
 2 with \T1/cmtt/m/n/12 getSSForm2\T1/cmr/m/n/12 . 
 []

[95]
Overfull \hbox (36.02219pt too wide) in paragraph at lines 4854--4859
\T1/cmr/m/n/12 ``Gyro'', and ``Acc'') with the $\OML/cmm/m/it/12 H[]$ \T1/cmr/m
/n/12 struc-tured tun-ing in the m-files \T1/cmtt/m/n/12 notchFeedbackOpt\T1/cm
r/m/n/12 ,
 []

[96]
Overfull \hbox (49.32195pt too wide) in paragraph at lines 4872--4874
[]\T1/cmtt/m/n/12 weightsHinfStruct\T1/cmr/m/n/12 , \T1/cmtt/m/n/12 notchFeedba
ckOpt\T1/cmr/m/n/12 , \T1/cmtt/m/n/12 strainFeedbackOpt\T1/cmr/m/n/12 , \T1/cmt
t/m/n/12 gyrFeedbackOpt\T1/cmr/m/n/12 ,
 []


Overfull \hbox (7.74042pt too wide) in paragraph at lines 4880--4881
[]\T1/cmtt/m/n/12 notchFeedbackOpt.m, strainFeedbackOpt.m, gyrFeedbackOpt.m,
 []


Overfull \hbox (5.56969pt too wide) in paragraph at lines 4884--4887
[]\T1/cmr/m/n/12 A tun-able sys-tem is gen-er-ated us-ing Simulink. This sys-te
m is weighted
 []

[97] [98]
Appendix B.
[99

]
Package epstopdf Info: Source file: <figures/simulink/simulinkModel.eps>
(epstopdf)                    date: 2015-07-26 19:37:38
(epstopdf)                    size: 387327 bytes
(epstopdf)             Output file: <figures/simulink/simulinkModel-eps-convert
ed-to.pdf>
(epstopdf)                    date: 2015-09-06 13:41:04
(epstopdf)                    size: 57430 bytes
(epstopdf)             Command: <repstopdf --outfile=figures/simulink/simulinkM
odel-eps-converted-to.pdf figures/simulink/simulinkModel.eps>
(epstopdf)             \includegraphics on input line 4962.
Package epstopdf Info: Output file is already uptodate.

<figures/simulink/simulinkModel-eps-converted-to.pdf, id=860, 1426.32875pt x 75
4.82pt>
File: figures/simulink/simulinkModel-eps-converted-to.pdf Graphic file (type pd
f)
 <use figures/simulink/simulinkModel-eps-converted-to.pdf>
Package pdftex.def Info: figures/simulink/simulinkModel-eps-converted-to.pdf us
ed on input line 4962.
(pdftex.def)             Requested size: 1426.32529pt x 754.81818pt.

<figures/simulink/missileSystem.pdf, id=861, 492.88141pt x 344.48701pt>
File: figures/simulink/missileSystem.pdf Graphic file (type pdf)

<use figures/simulink/missileSystem.pdf>
Package pdftex.def Info: figures/simulink/missileSystem.pdf used on input line 
4980.
(pdftex.def)             Requested size: 357.25842pt x 249.69757pt.

<figures/simulink/missileSystem2.pdf, id=862, 413.3844pt x 423.984pt>
File: figures/simulink/missileSystem2.pdf Graphic file (type pdf)

<use figures/simulink/missileSystem2.pdf>
Package pdftex.def Info: figures/simulink/missileSystem2.pdf used on input line
 4991.
(pdftex.def)             Requested size: 243.45944pt x 249.69757pt.

<figures/simulink/flexibleBody.pdf, id=863, 404.2302pt x 390.73979pt>
File: figures/simulink/flexibleBody.pdf Graphic file (type pdf)

<use figures/simulink/flexibleBody.pdf>
Package pdftex.def Info: figures/simulink/flexibleBody.pdf used on input line 5
006.
(pdftex.def)             Requested size: 258.31784pt x 249.69757pt.
 [100] [101 <./figures/simulink/simulinkModel-eps-converted-to.pdf>] [102 <./fi
gures/simulink/missileSystem.pdf> <./figures/simulink/missileSystem2.pdf

pdfTeX warning: pdflatex (file ./figures/simulink/missileSystem2.pdf): PDF incl
usion: multiple pdfs with page group included in a single page
>] [103 <./figures/simulink/flexibleBody.pdf>] [104

]
No file thesis.bbl.
(./thesis.aux)

LaTeX Warning: There were undefined references.

 ) 
Here is how much of TeX's memory you used:
 18688 strings out of 493304
 348052 string characters out of 6139871
 452699 words of memory out of 5000000
 21629 multiletter control sequences out of 15000+600000
 29850 words of font info for 79 fonts, out of 8000000 for 9000
 957 hyphenation exceptions out of 8191
 56i,14n,62p,469b,1844s stack positions out of 5000i,500n,10000p,200000b,80000s
{/usr/share/texmf/fonts/enc/dvips/cm-super/cm-super-ts1.enc}{/usr/share/texmf
/fonts/enc/dvips/cm-super/cm-super-t1.enc}</usr/share/texlive/texmf-dist/fonts/
type1/public/amsfonts/cm/cmex10.pfb></usr/share/texlive/texmf-dist/fonts/type1/
public/amsfonts/cmextra/cmex7.pfb></usr/share/texlive/texmf-dist/fonts/type1/pu
blic/amsfonts/cmextra/cmex8.pfb></usr/share/texlive/texmf-dist/fonts/type1/publ
ic/amsfonts/cm/cmmi10.pfb></usr/share/texlive/texmf-dist/fonts/type1/public/ams
fonts/cm/cmmi12.pfb></usr/share/texlive/texmf-dist/fonts/type1/public/amsfonts/
cm/cmmi5.pfb></usr/share/texlive/texmf-dist/fonts/type1/public/amsfonts/cm/cmmi
6.pfb></usr/share/texlive/texmf-dist/fonts/type1/public/amsfonts/cm/cmmi7.pfb><
/usr/share/texlive/texmf-dist/fonts/type1/public/amsfonts/cm/cmmi8.pfb></usr/sh
are/texlive/texmf-dist/fonts/type1/public/amsfonts/cm/cmr10.pfb></usr/share/tex
live/texmf-dist/fonts/type1/public/amsfonts/cm/cmr12.pfb></usr/share/texlive/te
xmf-dist/fonts/type1/public/amsfonts/cm/cmr6.pfb></usr/share/texlive/texmf-dist
/fonts/type1/public/amsfonts/cm/cmr7.pfb></usr/share/texlive/texmf-dist/fonts/t
ype1/public/amsfonts/cm/cmr8.pfb></usr/share/texlive/texmf-dist/fonts/type1/pub
lic/amsfonts/cm/cmsy10.pfb></usr/share/texlive/texmf-dist/fonts/type1/public/am
sfonts/cm/cmsy8.pfb></usr/share/texlive/texmf-dist/fonts/type1/public/esint-typ
e1/esint10.pfb></usr/share/texmf/fonts/type1/public/cm-super/sfbx1200.pfb></usr
/share/texmf/fonts/type1/public/cm-super/sfbx1440.pfb></usr/share/texmf/fonts/t
ype1/public/cm-super/sfbx1728.pfb></usr/share/texmf/fonts/type1/public/cm-super
/sfbx2488.pfb></usr/share/texmf/fonts/type1/public/cm-super/sfcc1440.pfb></usr/
share/texmf/fonts/type1/public/cm-super/sfcc1728.pfb></usr/share/texmf/fonts/ty
pe1/public/cm-super/sfrm0700.pfb></usr/share/texmf/fonts/type1/public/cm-super/
sfrm0800.pfb></usr/share/texmf/fonts/type1/public/cm-super/sfrm1000.pfb></usr/s
hare/texmf/fonts/type1/public/cm-super/sfrm1200.pfb></usr/share/texmf/fonts/typ
e1/public/cm-super/sfrm1440.pfb></usr/share/texmf/fonts/type1/public/cm-super/s
frm1728.pfb></usr/share/texmf/fonts/type1/public/cm-super/sfrm2074.pfb></usr/sh
are/texmf/fonts/type1/public/cm-super/sfrm2488.pfb></usr/share/texmf/fonts/type
1/public/cm-super/sfsi0800.pfb></usr/share/texmf/fonts/type1/public/cm-super/sf
ss0800.pfb></usr/share/texmf/fonts/type1/public/cm-super/sfsx0800.pfb></usr/sha
re/texmf/fonts/type1/public/cm-super/sfti1200.pfb></usr/share/texmf/fonts/type1
/public/cm-super/sftt1200.pfb></usr/share/texmf/fonts/type1/public/cm-super/sfx
c2074.pfb></usr/share/texlive/texmf-dist/fonts/type1/public/stmaryrd/stmary10.p
fb></usr/share/texlive/texmf-dist/fonts/type1/public/stmaryrd/stmary8.pfb>
Output written on thesis.pdf (122 pages, 5990290 bytes).
PDF statistics:
 1183 PDF objects out of 1200 (max. 8388607)
 603 compressed objects within 7 object streams
 0 named destinations out of 1000 (max. 500000)
 318 words of extra memory for PDF output out of 10000 (max. 10000000)

